29-Nov-2018 18:17:03.691 정보 [main] org.apache.catalina.startup.VersionLoggerListener.log Server version:        Apache Tomcat/9.0.13
29-Nov-2018 18:17:03.697 정보 [main] org.apache.catalina.startup.VersionLoggerListener.log Server built:          Nov 2 2018 14:27:55 UTC
29-Nov-2018 18:17:03.704 정보 [main] org.apache.catalina.startup.VersionLoggerListener.log Server number:         9.0.13.0
29-Nov-2018 18:17:03.705 정보 [main] org.apache.catalina.startup.VersionLoggerListener.log OS Name:               Windows 10
29-Nov-2018 18:17:03.705 정보 [main] org.apache.catalina.startup.VersionLoggerListener.log OS Version:            10.0
29-Nov-2018 18:17:03.707 정보 [main] org.apache.catalina.startup.VersionLoggerListener.log Architecture:          amd64
29-Nov-2018 18:17:03.711 정보 [main] org.apache.catalina.startup.VersionLoggerListener.log Java Home:             C:\Program Files\Java\jdk1.8.0_191\jre
29-Nov-2018 18:17:03.714 정보 [main] org.apache.catalina.startup.VersionLoggerListener.log JVM Version:           1.8.0_191-b12
29-Nov-2018 18:17:03.715 정보 [main] org.apache.catalina.startup.VersionLoggerListener.log JVM Vendor:            Oracle Corporation
29-Nov-2018 18:17:03.717 정보 [main] org.apache.catalina.startup.VersionLoggerListener.log CATALINA_BASE:         C:\응용\Tomcat9\apache-tomcat-9.0.13
29-Nov-2018 18:17:03.721 정보 [main] org.apache.catalina.startup.VersionLoggerListener.log CATALINA_HOME:         C:\응용\Tomcat9\apache-tomcat-9.0.13
29-Nov-2018 18:17:03.722 정보 [main] org.apache.catalina.startup.VersionLoggerListener.log Command line argument: -Djava.util.logging.config.file=C:\응용\Tomcat9\apache-tomcat-9.0.13\conf\logging.properties
29-Nov-2018 18:17:03.723 정보 [main] org.apache.catalina.startup.VersionLoggerListener.log Command line argument: -Djava.util.logging.manager=org.apache.juli.ClassLoaderLogManager
29-Nov-2018 18:17:03.723 정보 [main] org.apache.catalina.startup.VersionLoggerListener.log Command line argument: -Djdk.tls.ephemeralDHKeySize=2048
29-Nov-2018 18:17:03.724 정보 [main] org.apache.catalina.startup.VersionLoggerListener.log Command line argument: -Djava.protocol.handler.pkgs=org.apache.catalina.webresources
29-Nov-2018 18:17:03.725 정보 [main] org.apache.catalina.startup.VersionLoggerListener.log Command line argument: -Dignore.endorsed.dirs=
29-Nov-2018 18:17:03.726 정보 [main] org.apache.catalina.startup.VersionLoggerListener.log Command line argument: -Dcatalina.base=C:\응용\Tomcat9\apache-tomcat-9.0.13
29-Nov-2018 18:17:03.727 정보 [main] org.apache.catalina.startup.VersionLoggerListener.log Command line argument: -Dcatalina.home=C:\응용\Tomcat9\apache-tomcat-9.0.13
29-Nov-2018 18:17:03.729 정보 [main] org.apache.catalina.startup.VersionLoggerListener.log Command line argument: -Djava.io.tmpdir=C:\응용\Tomcat9\apache-tomcat-9.0.13\temp
29-Nov-2018 18:17:03.734 정보 [main] org.apache.catalina.core.AprLifecycleListener.lifecycleEvent The APR based Apache Tomcat Native library which allows optimal performance in production environments was not found on the java.library.path: [C:\Program Files\Java\jdk1.8.0_191\bin;C:\WINDOWS\Sun\Java\bin;C:\WINDOWS\system32;C:\WINDOWS;C:\Program Files (x86)\Common Files\Oracle\Java\javapath;C:\WINDOWS\system32;C:\WINDOWS;C:\WINDOWS\System32\Wbem;C:\WINDOWS\System32\WindowsPowerShell\v1.0\;C:\WINDOWS\System32\OpenSSH\;C:\Program Files\Git\cmd;C:\Program Files\TortoiseGit\bin;C:\Program Files\Java\jdk1.8.0_191\bin;C:\MinGW\bin;C:\Users\cbg17\AppData\Local\Microsoft\WindowsApps;;.]
29-Nov-2018 18:17:03.917 정보 [main] org.apache.coyote.AbstractProtocol.init Initializing ProtocolHandler ["http-nio-8080"]
29-Nov-2018 18:17:04.205 정보 [main] org.apache.tomcat.util.net.NioSelectorPool.getSharedSelector Using a shared selector for servlet write/read
29-Nov-2018 18:17:04.223 정보 [main] org.apache.coyote.AbstractProtocol.init Initializing ProtocolHandler ["ajp-nio-8009"]
29-Nov-2018 18:17:04.226 정보 [main] org.apache.tomcat.util.net.NioSelectorPool.getSharedSelector Using a shared selector for servlet write/read
29-Nov-2018 18:17:04.227 정보 [main] org.apache.catalina.startup.Catalina.load Initialization processed in 1090 ms
29-Nov-2018 18:17:04.280 정보 [main] org.apache.catalina.core.StandardService.startInternal Starting service [Catalina]
29-Nov-2018 18:17:04.280 정보 [main] org.apache.catalina.core.StandardEngine.startInternal Starting Servlet Engine: Apache Tomcat/9.0.13
29-Nov-2018 18:17:04.295 정보 [main] org.apache.catalina.startup.HostConfig.deployDirectory Deploying web application directory [C:\응용\Tomcat9\apache-tomcat-9.0.13\webapps\docs]
29-Nov-2018 18:17:04.758 정보 [main] org.apache.catalina.startup.HostConfig.deployDirectory Deployment of web application directory [C:\응용\Tomcat9\apache-tomcat-9.0.13\webapps\docs] has finished in [462] ms
29-Nov-2018 18:17:04.759 정보 [main] org.apache.catalina.startup.HostConfig.deployDirectory Deploying web application directory [C:\응용\Tomcat9\apache-tomcat-9.0.13\webapps\examples]
29-Nov-2018 18:17:05.290 정보 [main] org.apache.catalina.startup.HostConfig.deployDirectory Deployment of web application directory [C:\응용\Tomcat9\apache-tomcat-9.0.13\webapps\examples] has finished in [531] ms
29-Nov-2018 18:17:05.291 정보 [main] org.apache.catalina.startup.HostConfig.deployDirectory Deploying web application directory [C:\응용\Tomcat9\apache-tomcat-9.0.13\webapps\host-manager]
29-Nov-2018 18:17:05.335 정보 [main] org.apache.catalina.startup.HostConfig.deployDirectory Deployment of web application directory [C:\응용\Tomcat9\apache-tomcat-9.0.13\webapps\host-manager] has finished in [44] ms
29-Nov-2018 18:17:05.336 정보 [main] org.apache.catalina.startup.HostConfig.deployDirectory Deploying web application directory [C:\응용\Tomcat9\apache-tomcat-9.0.13\webapps\manager]
29-Nov-2018 18:17:05.386 정보 [main] org.apache.catalina.startup.HostConfig.deployDirectory Deployment of web application directory [C:\응용\Tomcat9\apache-tomcat-9.0.13\webapps\manager] has finished in [50] ms
29-Nov-2018 18:17:05.390 정보 [main] org.apache.catalina.startup.HostConfig.deployDirectory Deploying web application directory [C:\응용\Tomcat9\apache-tomcat-9.0.13\webapps\ROOT]
29-Nov-2018 18:17:05.434 정보 [main] org.apache.catalina.startup.HostConfig.deployDirectory Deployment of web application directory [C:\응용\Tomcat9\apache-tomcat-9.0.13\webapps\ROOT] has finished in [44] ms
29-Nov-2018 18:17:05.442 정보 [main] org.apache.coyote.AbstractProtocol.start Starting ProtocolHandler ["http-nio-8080"]
29-Nov-2018 18:17:05.463 정보 [main] org.apache.coyote.AbstractProtocol.start Starting ProtocolHandler ["ajp-nio-8009"]
29-Nov-2018 18:17:05.472 정보 [main] org.apache.catalina.startup.Catalina.start Server startup in 1245 ms
29-Nov-2018 18:17:14.686 정보 [Thread-5] org.apache.coyote.AbstractProtocol.pause Pausing ProtocolHandler ["http-nio-8080"]
29-Nov-2018 18:17:14.990 정보 [Thread-5] org.apache.coyote.AbstractProtocol.pause Pausing ProtocolHandler ["ajp-nio-8009"]
29-Nov-2018 18:17:15.239 정보 [Thread-5] org.apache.catalina.core.StandardService.stopInternal Stopping service [Catalina]
29-Nov-2018 18:17:15.278 정보 [Thread-5] org.apache.coyote.AbstractProtocol.stop Stopping ProtocolHandler ["http-nio-8080"]
29-Nov-2018 18:17:15.288 정보 [Thread-5] org.apache.coyote.AbstractProtocol.stop Stopping ProtocolHandler ["ajp-nio-8009"]
29-Nov-2018 18:17:15.290 정보 [Thread-5] org.apache.coyote.AbstractProtocol.destroy Destroying ProtocolHandler ["http-nio-8080"]
29-Nov-2018 18:17:15.291 정보 [Thread-5] org.apache.coyote.AbstractProtocol.destroy Destroying ProtocolHandler ["ajp-nio-8009"]
29-Nov-2018 18:53:02.220 정보 [main] org.apache.catalina.startup.VersionLoggerListener.log Server version:        Apache Tomcat/9.0.13
29-Nov-2018 18:53:02.226 정보 [main] org.apache.catalina.startup.VersionLoggerListener.log Server built:          Nov 2 2018 14:27:55 UTC
29-Nov-2018 18:53:02.228 정보 [main] org.apache.catalina.startup.VersionLoggerListener.log Server number:         9.0.13.0
29-Nov-2018 18:53:02.228 정보 [main] org.apache.catalina.startup.VersionLoggerListener.log OS Name:               Windows 10
29-Nov-2018 18:53:02.229 정보 [main] org.apache.catalina.startup.VersionLoggerListener.log OS Version:            10.0
29-Nov-2018 18:53:02.229 정보 [main] org.apache.catalina.startup.VersionLoggerListener.log Architecture:          amd64
29-Nov-2018 18:53:02.229 정보 [main] org.apache.catalina.startup.VersionLoggerListener.log Java Home:             C:\Program Files\Java\jdk1.8.0_191\jre
29-Nov-2018 18:53:02.230 정보 [main] org.apache.catalina.startup.VersionLoggerListener.log JVM Version:           1.8.0_191-b12
29-Nov-2018 18:53:02.231 정보 [main] org.apache.catalina.startup.VersionLoggerListener.log JVM Vendor:            Oracle Corporation
29-Nov-2018 18:53:02.231 정보 [main] org.apache.catalina.startup.VersionLoggerListener.log CATALINA_BASE:         C:\응용\Tomcat9\apache-tomcat-9.0.13
29-Nov-2018 18:53:02.233 정보 [main] org.apache.catalina.startup.VersionLoggerListener.log CATALINA_HOME:         C:\응용\Tomcat9\apache-tomcat-9.0.13
29-Nov-2018 18:53:02.236 정보 [main] org.apache.catalina.startup.VersionLoggerListener.log Command line argument: -Djava.util.logging.config.file=C:\응용\Tomcat9\apache-tomcat-9.0.13\conf\logging.properties
29-Nov-2018 18:53:02.237 정보 [main] org.apache.catalina.startup.VersionLoggerListener.log Command line argument: -Djava.util.logging.manager=org.apache.juli.ClassLoaderLogManager
29-Nov-2018 18:53:02.238 정보 [main] org.apache.catalina.startup.VersionLoggerListener.log Command line argument: -Djdk.tls.ephemeralDHKeySize=2048
29-Nov-2018 18:53:02.239 정보 [main] org.apache.catalina.startup.VersionLoggerListener.log Command line argument: -Djava.protocol.handler.pkgs=org.apache.catalina.webresources
29-Nov-2018 18:53:02.243 정보 [main] org.apache.catalina.startup.VersionLoggerListener.log Command line argument: -Dignore.endorsed.dirs=
29-Nov-2018 18:53:02.244 정보 [main] org.apache.catalina.startup.VersionLoggerListener.log Command line argument: -Dcatalina.base=C:\응용\Tomcat9\apache-tomcat-9.0.13
29-Nov-2018 18:53:02.245 정보 [main] org.apache.catalina.startup.VersionLoggerListener.log Command line argument: -Dcatalina.home=C:\응용\Tomcat9\apache-tomcat-9.0.13
29-Nov-2018 18:53:02.246 정보 [main] org.apache.catalina.startup.VersionLoggerListener.log Command line argument: -Djava.io.tmpdir=C:\응용\Tomcat9\apache-tomcat-9.0.13\temp
29-Nov-2018 18:53:02.247 정보 [main] org.apache.catalina.core.AprLifecycleListener.lifecycleEvent The APR based Apache Tomcat Native library which allows optimal performance in production environments was not found on the java.library.path: [C:\Program Files\Java\jdk1.8.0_191\bin;C:\WINDOWS\Sun\Java\bin;C:\WINDOWS\system32;C:\WINDOWS;C:\Program Files (x86)\Common Files\Oracle\Java\javapath;C:\WINDOWS\system32;C:\WINDOWS;C:\WINDOWS\System32\Wbem;C:\WINDOWS\System32\WindowsPowerShell\v1.0\;C:\WINDOWS\System32\OpenSSH\;C:\Program Files\Git\cmd;C:\Program Files\TortoiseGit\bin;C:\Program Files\Java\jdk1.8.0_191\bin;C:\MinGW\bin;C:\Users\cbg17\AppData\Local\Microsoft\WindowsApps;;.]
29-Nov-2018 18:53:02.422 정보 [main] org.apache.coyote.AbstractProtocol.init Initializing ProtocolHandler ["http-nio-8080"]
29-Nov-2018 18:53:02.985 정보 [main] org.apache.tomcat.util.net.NioSelectorPool.getSharedSelector Using a shared selector for servlet write/read
29-Nov-2018 18:53:03.012 정보 [main] org.apache.coyote.AbstractProtocol.init Initializing ProtocolHandler ["ajp-nio-8009"]
29-Nov-2018 18:53:03.015 정보 [main] org.apache.tomcat.util.net.NioSelectorPool.getSharedSelector Using a shared selector for servlet write/read
29-Nov-2018 18:53:03.016 정보 [main] org.apache.catalina.startup.Catalina.load Initialization processed in 1350 ms
29-Nov-2018 18:53:03.065 정보 [main] org.apache.catalina.core.StandardService.startInternal Starting service [Catalina]
29-Nov-2018 18:53:03.065 정보 [main] org.apache.catalina.core.StandardEngine.startInternal Starting Servlet Engine: Apache Tomcat/9.0.13
29-Nov-2018 18:53:03.086 정보 [main] org.apache.catalina.startup.HostConfig.deployDirectory Deploying web application directory [C:\응용\Tomcat9\apache-tomcat-9.0.13\webapps\docs]
29-Nov-2018 18:53:03.694 정보 [main] org.apache.catalina.startup.HostConfig.deployDirectory Deployment of web application directory [C:\응용\Tomcat9\apache-tomcat-9.0.13\webapps\docs] has finished in [608] ms
29-Nov-2018 18:53:03.695 정보 [main] org.apache.catalina.startup.HostConfig.deployDirectory Deploying web application directory [C:\응용\Tomcat9\apache-tomcat-9.0.13\webapps\examples]
29-Nov-2018 18:53:04.998 정보 [main] org.apache.catalina.startup.HostConfig.deployDirectory Deployment of web application directory [C:\응용\Tomcat9\apache-tomcat-9.0.13\webapps\examples] has finished in [1,303] ms
29-Nov-2018 18:53:05.006 정보 [main] org.apache.catalina.startup.HostConfig.deployDirectory Deploying web application directory [C:\응용\Tomcat9\apache-tomcat-9.0.13\webapps\host-manager]
29-Nov-2018 18:53:05.147 정보 [main] org.apache.catalina.startup.HostConfig.deployDirectory Deployment of web application directory [C:\응용\Tomcat9\apache-tomcat-9.0.13\webapps\host-manager] has finished in [142] ms
29-Nov-2018 18:53:05.156 정보 [main] org.apache.catalina.startup.HostConfig.deployDirectory Deploying web application directory [C:\응용\Tomcat9\apache-tomcat-9.0.13\webapps\manager]
29-Nov-2018 18:53:05.344 정보 [main] org.apache.catalina.startup.HostConfig.deployDirectory Deployment of web application directory [C:\응용\Tomcat9\apache-tomcat-9.0.13\webapps\manager] has finished in [188] ms
29-Nov-2018 18:53:05.416 정보 [main] org.apache.catalina.startup.HostConfig.deployDirectory Deploying web application directory [C:\응용\Tomcat9\apache-tomcat-9.0.13\webapps\ROOT]
29-Nov-2018 18:53:05.543 정보 [main] org.apache.catalina.startup.HostConfig.deployDirectory Deployment of web application directory [C:\응용\Tomcat9\apache-tomcat-9.0.13\webapps\ROOT] has finished in [127] ms
29-Nov-2018 18:53:05.555 정보 [main] org.apache.coyote.AbstractProtocol.start Starting ProtocolHandler ["http-nio-8080"]
29-Nov-2018 18:53:05.581 정보 [main] org.apache.coyote.AbstractProtocol.start Starting ProtocolHandler ["ajp-nio-8009"]
29-Nov-2018 18:53:05.591 정보 [main] org.apache.catalina.startup.Catalina.start Server startup in 2575 ms
29-Nov-2018 18:53:19.796 정보 [Thread-5] org.apache.coyote.AbstractProtocol.pause Pausing ProtocolHandler ["http-nio-8080"]
29-Nov-2018 18:53:20.021 정보 [Thread-5] org.apache.coyote.AbstractProtocol.pause Pausing ProtocolHandler ["ajp-nio-8009"]
29-Nov-2018 18:53:20.236 정보 [Thread-5] org.apache.catalina.core.StandardService.stopInternal Stopping service [Catalina]
29-Nov-2018 18:53:20.273 정보 [Thread-5] org.apache.coyote.AbstractProtocol.stop Stopping ProtocolHandler ["http-nio-8080"]
29-Nov-2018 18:53:20.284 정보 [Thread-5] org.apache.coyote.AbstractProtocol.stop Stopping ProtocolHandler ["ajp-nio-8009"]
29-Nov-2018 18:53:20.287 정보 [Thread-5] org.apache.coyote.AbstractProtocol.destroy Destroying ProtocolHandler ["http-nio-8080"]
29-Nov-2018 18:53:20.288 정보 [Thread-5] org.apache.coyote.AbstractProtocol.destroy Destroying ProtocolHandler ["ajp-nio-8009"]
29-Nov-2018 18:54:21.786 정보 [main] org.apache.catalina.startup.VersionLoggerListener.log Server version:        Apache Tomcat/9.0.13
29-Nov-2018 18:54:21.790 정보 [main] org.apache.catalina.startup.VersionLoggerListener.log Server built:          Nov 2 2018 14:27:55 UTC
29-Nov-2018 18:54:21.790 정보 [main] org.apache.catalina.startup.VersionLoggerListener.log Server number:         9.0.13.0
29-Nov-2018 18:54:21.791 정보 [main] org.apache.catalina.startup.VersionLoggerListener.log OS Name:               Windows 10
29-Nov-2018 18:54:21.791 정보 [main] org.apache.catalina.startup.VersionLoggerListener.log OS Version:            10.0
29-Nov-2018 18:54:21.791 정보 [main] org.apache.catalina.startup.VersionLoggerListener.log Architecture:          amd64
29-Nov-2018 18:54:21.792 정보 [main] org.apache.catalina.startup.VersionLoggerListener.log Java Home:             C:\Program Files\Java\jdk1.8.0_191\jre
29-Nov-2018 18:54:21.792 정보 [main] org.apache.catalina.startup.VersionLoggerListener.log JVM Version:           1.8.0_191-b12
29-Nov-2018 18:54:21.793 정보 [main] org.apache.catalina.startup.VersionLoggerListener.log JVM Vendor:            Oracle Corporation
29-Nov-2018 18:54:21.793 정보 [main] org.apache.catalina.startup.VersionLoggerListener.log CATALINA_BASE:         C:\응용\Tomcat9\apache-tomcat-9.0.13
29-Nov-2018 18:54:21.794 정보 [main] org.apache.catalina.startup.VersionLoggerListener.log CATALINA_HOME:         C:\응용\Tomcat9\apache-tomcat-9.0.13
29-Nov-2018 18:54:21.795 정보 [main] org.apache.catalina.startup.VersionLoggerListener.log Command line argument: -Djava.util.logging.config.file=C:\응용\Tomcat9\apache-tomcat-9.0.13\conf\logging.properties
29-Nov-2018 18:54:21.795 정보 [main] org.apache.catalina.startup.VersionLoggerListener.log Command line argument: -Djava.util.logging.manager=org.apache.juli.ClassLoaderLogManager
29-Nov-2018 18:54:21.796 정보 [main] org.apache.catalina.startup.VersionLoggerListener.log Command line argument: -Djdk.tls.ephemeralDHKeySize=2048
29-Nov-2018 18:54:21.796 정보 [main] org.apache.catalina.startup.VersionLoggerListener.log Command line argument: -Djava.protocol.handler.pkgs=org.apache.catalina.webresources
29-Nov-2018 18:54:21.797 정보 [main] org.apache.catalina.startup.VersionLoggerListener.log Command line argument: -Dignore.endorsed.dirs=
29-Nov-2018 18:54:21.798 정보 [main] org.apache.catalina.startup.VersionLoggerListener.log Command line argument: -Dcatalina.base=C:\응용\Tomcat9\apache-tomcat-9.0.13
29-Nov-2018 18:54:21.799 정보 [main] org.apache.catalina.startup.VersionLoggerListener.log Command line argument: -Dcatalina.home=C:\응용\Tomcat9\apache-tomcat-9.0.13
29-Nov-2018 18:54:21.801 정보 [main] org.apache.catalina.startup.VersionLoggerListener.log Command line argument: -Djava.io.tmpdir=C:\응용\Tomcat9\apache-tomcat-9.0.13\temp
29-Nov-2018 18:54:21.802 정보 [main] org.apache.catalina.core.AprLifecycleListener.lifecycleEvent The APR based Apache Tomcat Native library which allows optimal performance in production environments was not found on the java.library.path: [C:\Program Files\Java\jdk1.8.0_191\bin;C:\WINDOWS\Sun\Java\bin;C:\WINDOWS\system32;C:\WINDOWS;C:\Program Files (x86)\Common Files\Oracle\Java\javapath;C:\WINDOWS\system32;C:\WINDOWS;C:\WINDOWS\System32\Wbem;C:\WINDOWS\System32\WindowsPowerShell\v1.0\;C:\WINDOWS\System32\OpenSSH\;C:\Program Files\Git\cmd;C:\Program Files\TortoiseGit\bin;C:\Program Files\Java\jdk1.8.0_191\bin;C:\MinGW\bin;C:\Users\cbg17\AppData\Local\Microsoft\WindowsApps;;.]
29-Nov-2018 18:54:21.965 정보 [main] org.apache.coyote.AbstractProtocol.init Initializing ProtocolHandler ["http-nio-8080"]
29-Nov-2018 18:54:22.254 정보 [main] org.apache.tomcat.util.net.NioSelectorPool.getSharedSelector Using a shared selector for servlet write/read
29-Nov-2018 18:54:22.273 정보 [main] org.apache.coyote.AbstractProtocol.init Initializing ProtocolHandler ["ajp-nio-8009"]
29-Nov-2018 18:54:22.278 정보 [main] org.apache.tomcat.util.net.NioSelectorPool.getSharedSelector Using a shared selector for servlet write/read
29-Nov-2018 18:54:22.279 정보 [main] org.apache.catalina.startup.Catalina.load Initialization processed in 1013 ms
29-Nov-2018 18:54:22.333 정보 [main] org.apache.catalina.core.StandardService.startInternal Starting service [Catalina]
29-Nov-2018 18:54:22.333 정보 [main] org.apache.catalina.core.StandardEngine.startInternal Starting Servlet Engine: Apache Tomcat/9.0.13
29-Nov-2018 18:54:22.355 정보 [main] org.apache.catalina.startup.HostConfig.deployDirectory Deploying web application directory [C:\응용\Tomcat9\apache-tomcat-9.0.13\webapps\docs]
29-Nov-2018 18:54:22.754 정보 [main] org.apache.catalina.startup.HostConfig.deployDirectory Deployment of web application directory [C:\응용\Tomcat9\apache-tomcat-9.0.13\webapps\docs] has finished in [398] ms
29-Nov-2018 18:54:22.754 정보 [main] org.apache.catalina.startup.HostConfig.deployDirectory Deploying web application directory [C:\응용\Tomcat9\apache-tomcat-9.0.13\webapps\examples]
29-Nov-2018 18:54:23.278 정보 [main] org.apache.catalina.startup.HostConfig.deployDirectory Deployment of web application directory [C:\응용\Tomcat9\apache-tomcat-9.0.13\webapps\examples] has finished in [524] ms
29-Nov-2018 18:54:23.283 정보 [main] org.apache.catalina.startup.HostConfig.deployDirectory Deploying web application directory [C:\응용\Tomcat9\apache-tomcat-9.0.13\webapps\host-manager]
29-Nov-2018 18:54:23.430 정보 [main] org.apache.catalina.startup.HostConfig.deployDirectory Deployment of web application directory [C:\응용\Tomcat9\apache-tomcat-9.0.13\webapps\host-manager] has finished in [147] ms
29-Nov-2018 18:54:23.438 정보 [main] org.apache.catalina.startup.HostConfig.deployDirectory Deploying web application directory [C:\응용\Tomcat9\apache-tomcat-9.0.13\webapps\manager]
29-Nov-2018 18:54:23.540 정보 [main] org.apache.catalina.startup.HostConfig.deployDirectory Deployment of web application directory [C:\응용\Tomcat9\apache-tomcat-9.0.13\webapps\manager] has finished in [101] ms
29-Nov-2018 18:54:23.542 정보 [main] org.apache.catalina.startup.HostConfig.deployDirectory Deploying web application directory [C:\응용\Tomcat9\apache-tomcat-9.0.13\webapps\ROOT]
29-Nov-2018 18:54:23.598 정보 [main] org.apache.catalina.startup.HostConfig.deployDirectory Deployment of web application directory [C:\응용\Tomcat9\apache-tomcat-9.0.13\webapps\ROOT] has finished in [56] ms
29-Nov-2018 18:54:23.609 정보 [main] org.apache.coyote.AbstractProtocol.start Starting ProtocolHandler ["http-nio-8080"]
29-Nov-2018 18:54:23.633 정보 [main] org.apache.coyote.AbstractProtocol.start Starting ProtocolHandler ["ajp-nio-8009"]
29-Nov-2018 18:54:23.639 정보 [main] org.apache.catalina.startup.Catalina.start Server startup in 1359 ms
29-Nov-2018 18:54:55.026 정보 [main] org.apache.catalina.core.StandardServer.await A valid shutdown command was received via the shutdown port. Stopping the Server instance.
29-Nov-2018 18:54:55.027 정보 [main] org.apache.coyote.AbstractProtocol.pause Pausing ProtocolHandler ["http-nio-8080"]
29-Nov-2018 18:54:55.284 정보 [main] org.apache.coyote.AbstractProtocol.pause Pausing ProtocolHandler ["ajp-nio-8009"]
29-Nov-2018 18:54:55.489 정보 [main] org.apache.catalina.core.StandardService.stopInternal Stopping service [Catalina]
29-Nov-2018 18:54:55.524 정보 [main] org.apache.coyote.AbstractProtocol.stop Stopping ProtocolHandler ["http-nio-8080"]
29-Nov-2018 18:54:55.528 정보 [main] org.apache.coyote.AbstractProtocol.stop Stopping ProtocolHandler ["ajp-nio-8009"]
29-Nov-2018 18:54:55.532 정보 [main] org.apache.coyote.AbstractProtocol.destroy Destroying ProtocolHandler ["http-nio-8080"]
29-Nov-2018 18:54:55.534 정보 [main] org.apache.coyote.AbstractProtocol.destroy Destroying ProtocolHandler ["ajp-nio-8009"]
29-Nov-2018 19:09:11.486 정보 [main] org.apache.catalina.startup.VersionLoggerListener.log Server version:        Apache Tomcat/9.0.13
29-Nov-2018 19:09:11.490 정보 [main] org.apache.catalina.startup.VersionLoggerListener.log Server built:          Nov 2 2018 14:27:55 UTC
29-Nov-2018 19:09:11.491 정보 [main] org.apache.catalina.startup.VersionLoggerListener.log Server number:         9.0.13.0
29-Nov-2018 19:09:11.491 정보 [main] org.apache.catalina.startup.VersionLoggerListener.log OS Name:               Windows 10
29-Nov-2018 19:09:11.492 정보 [main] org.apache.catalina.startup.VersionLoggerListener.log OS Version:            10.0
29-Nov-2018 19:09:11.492 정보 [main] org.apache.catalina.startup.VersionLoggerListener.log Architecture:          amd64
29-Nov-2018 19:09:11.492 정보 [main] org.apache.catalina.startup.VersionLoggerListener.log Java Home:             C:\Program Files\Java\jdk1.8.0_191\jre
29-Nov-2018 19:09:11.493 정보 [main] org.apache.catalina.startup.VersionLoggerListener.log JVM Version:           1.8.0_191-b12
29-Nov-2018 19:09:11.493 정보 [main] org.apache.catalina.startup.VersionLoggerListener.log JVM Vendor:            Oracle Corporation
29-Nov-2018 19:09:11.493 정보 [main] org.apache.catalina.startup.VersionLoggerListener.log CATALINA_BASE:         C:\응용\Tomcat9\apache-tomcat-9.0.13
29-Nov-2018 19:09:11.494 정보 [main] org.apache.catalina.startup.VersionLoggerListener.log CATALINA_HOME:         C:\응용\Tomcat9\apache-tomcat-9.0.13
29-Nov-2018 19:09:11.495 정보 [main] org.apache.catalina.startup.VersionLoggerListener.log Command line argument: -Djava.util.logging.config.file=C:\응용\Tomcat9\apache-tomcat-9.0.13\conf\logging.properties
29-Nov-2018 19:09:11.495 정보 [main] org.apache.catalina.startup.VersionLoggerListener.log Command line argument: -Djava.util.logging.manager=org.apache.juli.ClassLoaderLogManager
29-Nov-2018 19:09:11.495 정보 [main] org.apache.catalina.startup.VersionLoggerListener.log Command line argument: -Djdk.tls.ephemeralDHKeySize=2048
29-Nov-2018 19:09:11.496 정보 [main] org.apache.catalina.startup.VersionLoggerListener.log Command line argument: -Djava.protocol.handler.pkgs=org.apache.catalina.webresources
29-Nov-2018 19:09:11.496 정보 [main] org.apache.catalina.startup.VersionLoggerListener.log Command line argument: -Dignore.endorsed.dirs=
29-Nov-2018 19:09:11.496 정보 [main] org.apache.catalina.startup.VersionLoggerListener.log Command line argument: -Dcatalina.base=C:\응용\Tomcat9\apache-tomcat-9.0.13
29-Nov-2018 19:09:11.498 정보 [main] org.apache.catalina.startup.VersionLoggerListener.log Command line argument: -Dcatalina.home=C:\응용\Tomcat9\apache-tomcat-9.0.13
29-Nov-2018 19:09:11.499 정보 [main] org.apache.catalina.startup.VersionLoggerListener.log Command line argument: -Djava.io.tmpdir=C:\응용\Tomcat9\apache-tomcat-9.0.13\temp
29-Nov-2018 19:09:11.500 정보 [main] org.apache.catalina.core.AprLifecycleListener.lifecycleEvent The APR based Apache Tomcat Native library which allows optimal performance in production environments was not found on the java.library.path: [C:\Program Files\Java\jdk1.8.0_191\bin;C:\WINDOWS\Sun\Java\bin;C:\WINDOWS\system32;C:\WINDOWS;C:\Program Files (x86)\Common Files\Oracle\Java\javapath;C:\WINDOWS\system32;C:\WINDOWS;C:\WINDOWS\System32\Wbem;C:\WINDOWS\System32\WindowsPowerShell\v1.0\;C:\WINDOWS\System32\OpenSSH\;C:\Program Files\Git\cmd;C:\Program Files\TortoiseGit\bin;C:\Program Files\Java\jdk1.8.0_191\bin;C:\MinGW\bin;C:\Users\cbg17\AppData\Local\Microsoft\WindowsApps;;.]
29-Nov-2018 19:09:11.666 정보 [main] org.apache.coyote.AbstractProtocol.init Initializing ProtocolHandler ["http-nio-8080"]
29-Nov-2018 19:09:11.952 정보 [main] org.apache.tomcat.util.net.NioSelectorPool.getSharedSelector Using a shared selector for servlet write/read
29-Nov-2018 19:09:11.953 심각 [main] org.apache.catalina.util.LifecycleBase.handleSubClassException Failed to initialize component [Connector[HTTP/1.1-8080]]
 org.apache.catalina.LifecycleException: Protocol handler initialization failed
	at org.apache.catalina.connector.Connector.initInternal(Connector.java:976)
	at org.apache.catalina.util.LifecycleBase.init(LifecycleBase.java:136)
	at org.apache.catalina.core.StandardService.initInternal(StandardService.java:533)
	at org.apache.catalina.util.LifecycleBase.init(LifecycleBase.java:136)
	at org.apache.catalina.core.StandardServer.initInternal(StandardServer.java:883)
	at org.apache.catalina.util.LifecycleBase.init(LifecycleBase.java:136)
	at org.apache.catalina.startup.Catalina.load(Catalina.java:646)
	at org.apache.catalina.startup.Catalina.load(Catalina.java:669)
	at sun.reflect.NativeMethodAccessorImpl.invoke0(Native Method)
	at sun.reflect.NativeMethodAccessorImpl.invoke(NativeMethodAccessorImpl.java:62)
	at sun.reflect.DelegatingMethodAccessorImpl.invoke(DelegatingMethodAccessorImpl.java:43)
	at java.lang.reflect.Method.invoke(Method.java:498)
	at org.apache.catalina.startup.Bootstrap.load(Bootstrap.java:306)
	at org.apache.catalina.startup.Bootstrap.main(Bootstrap.java:491)
Caused by: java.net.BindException: Address already in use: bind
	at sun.nio.ch.Net.bind0(Native Method)
	at sun.nio.ch.Net.bind(Net.java:433)
	at sun.nio.ch.Net.bind(Net.java:425)
	at sun.nio.ch.ServerSocketChannelImpl.bind(ServerSocketChannelImpl.java:223)
	at sun.nio.ch.ServerSocketAdaptor.bind(ServerSocketAdaptor.java:74)
	at org.apache.tomcat.util.net.NioEndpoint.initServerSocket(NioEndpoint.java:236)
	at org.apache.tomcat.util.net.NioEndpoint.bind(NioEndpoint.java:210)
	at org.apache.tomcat.util.net.AbstractEndpoint.bindWithCleanup(AbstractEndpoint.java:1067)
	at org.apache.tomcat.util.net.AbstractEndpoint.init(AbstractEndpoint.java:1080)
	at org.apache.coyote.AbstractProtocol.init(AbstractProtocol.java:550)
	at org.apache.coyote.http11.AbstractHttp11Protocol.init(AbstractHttp11Protocol.java:74)
	at org.apache.catalina.connector.Connector.initInternal(Connector.java:973)
	... 13 more

29-Nov-2018 19:09:11.957 정보 [main] org.apache.coyote.AbstractProtocol.init Initializing ProtocolHandler ["ajp-nio-8009"]
29-Nov-2018 19:09:11.960 정보 [main] org.apache.tomcat.util.net.NioSelectorPool.getSharedSelector Using a shared selector for servlet write/read
29-Nov-2018 19:09:11.961 심각 [main] org.apache.catalina.util.LifecycleBase.handleSubClassException Failed to initialize component [Connector[AJP/1.3-8009]]
 org.apache.catalina.LifecycleException: Protocol handler initialization failed
	at org.apache.catalina.connector.Connector.initInternal(Connector.java:976)
	at org.apache.catalina.util.LifecycleBase.init(LifecycleBase.java:136)
	at org.apache.catalina.core.StandardService.initInternal(StandardService.java:533)
	at org.apache.catalina.util.LifecycleBase.init(LifecycleBase.java:136)
	at org.apache.catalina.core.StandardServer.initInternal(StandardServer.java:883)
	at org.apache.catalina.util.LifecycleBase.init(LifecycleBase.java:136)
	at org.apache.catalina.startup.Catalina.load(Catalina.java:646)
	at org.apache.catalina.startup.Catalina.load(Catalina.java:669)
	at sun.reflect.NativeMethodAccessorImpl.invoke0(Native Method)
	at sun.reflect.NativeMethodAccessorImpl.invoke(NativeMethodAccessorImpl.java:62)
	at sun.reflect.DelegatingMethodAccessorImpl.invoke(DelegatingMethodAccessorImpl.java:43)
	at java.lang.reflect.Method.invoke(Method.java:498)
	at org.apache.catalina.startup.Bootstrap.load(Bootstrap.java:306)
	at org.apache.catalina.startup.Bootstrap.main(Bootstrap.java:491)
Caused by: java.net.BindException: Address already in use: bind
	at sun.nio.ch.Net.bind0(Native Method)
	at sun.nio.ch.Net.bind(Net.java:433)
	at sun.nio.ch.Net.bind(Net.java:425)
	at sun.nio.ch.ServerSocketChannelImpl.bind(ServerSocketChannelImpl.java:223)
	at sun.nio.ch.ServerSocketAdaptor.bind(ServerSocketAdaptor.java:74)
	at org.apache.tomcat.util.net.NioEndpoint.initServerSocket(NioEndpoint.java:236)
	at org.apache.tomcat.util.net.NioEndpoint.bind(NioEndpoint.java:210)
	at org.apache.tomcat.util.net.AbstractEndpoint.bindWithCleanup(AbstractEndpoint.java:1067)
	at org.apache.tomcat.util.net.AbstractEndpoint.init(AbstractEndpoint.java:1080)
	at org.apache.coyote.AbstractProtocol.init(AbstractProtocol.java:550)
	at org.apache.catalina.connector.Connector.initInternal(Connector.java:973)
	... 13 more

29-Nov-2018 19:09:11.964 정보 [main] org.apache.catalina.startup.Catalina.load Initialization processed in 982 ms
29-Nov-2018 19:09:12.008 정보 [main] org.apache.catalina.core.StandardService.startInternal Starting service [Catalina]
29-Nov-2018 19:09:12.008 정보 [main] org.apache.catalina.core.StandardEngine.startInternal Starting Servlet Engine: Apache Tomcat/9.0.13
29-Nov-2018 19:09:12.021 정보 [main] org.apache.catalina.startup.HostConfig.deployDirectory Deploying web application directory [C:\응용\Tomcat9\apache-tomcat-9.0.13\webapps\docs]
29-Nov-2018 19:09:12.480 정보 [main] org.apache.catalina.startup.HostConfig.deployDirectory Deployment of web application directory [C:\응용\Tomcat9\apache-tomcat-9.0.13\webapps\docs] has finished in [459] ms
29-Nov-2018 19:09:12.481 정보 [main] org.apache.catalina.startup.HostConfig.deployDirectory Deploying web application directory [C:\응용\Tomcat9\apache-tomcat-9.0.13\webapps\examples]
29-Nov-2018 19:09:12.956 정보 [main] org.apache.catalina.startup.HostConfig.deployDirectory Deployment of web application directory [C:\응용\Tomcat9\apache-tomcat-9.0.13\webapps\examples] has finished in [476] ms
29-Nov-2018 19:09:12.957 정보 [main] org.apache.catalina.startup.HostConfig.deployDirectory Deploying web application directory [C:\응용\Tomcat9\apache-tomcat-9.0.13\webapps\host-manager]
29-Nov-2018 19:09:13.005 정보 [main] org.apache.catalina.startup.HostConfig.deployDirectory Deployment of web application directory [C:\응용\Tomcat9\apache-tomcat-9.0.13\webapps\host-manager] has finished in [48] ms
29-Nov-2018 19:09:13.006 정보 [main] org.apache.catalina.startup.HostConfig.deployDirectory Deploying web application directory [C:\응용\Tomcat9\apache-tomcat-9.0.13\webapps\manager]
29-Nov-2018 19:09:13.042 정보 [main] org.apache.catalina.startup.HostConfig.deployDirectory Deployment of web application directory [C:\응용\Tomcat9\apache-tomcat-9.0.13\webapps\manager] has finished in [36] ms
29-Nov-2018 19:09:13.045 정보 [main] org.apache.catalina.startup.HostConfig.deployDirectory Deploying web application directory [C:\응용\Tomcat9\apache-tomcat-9.0.13\webapps\ROOT]
29-Nov-2018 19:09:13.079 정보 [main] org.apache.catalina.startup.HostConfig.deployDirectory Deployment of web application directory [C:\응용\Tomcat9\apache-tomcat-9.0.13\webapps\ROOT] has finished in [34] ms
29-Nov-2018 19:09:13.084 정보 [main] org.apache.catalina.startup.Catalina.start Server startup in 1117 ms
29-Nov-2018 19:09:13.090 심각 [main] org.apache.catalina.core.StandardServer.await Failed to create server shutdown socket on address [localhost] and port [8005] (base port [8005] and offset [0])
 java.net.BindException: Address already in use: JVM_Bind
	at java.net.DualStackPlainSocketImpl.bind0(Native Method)
	at java.net.DualStackPlainSocketImpl.socketBind(DualStackPlainSocketImpl.java:106)
	at java.net.AbstractPlainSocketImpl.bind(AbstractPlainSocketImpl.java:387)
	at java.net.PlainSocketImpl.bind(PlainSocketImpl.java:190)
	at java.net.ServerSocket.bind(ServerSocket.java:375)
	at java.net.ServerSocket.<init>(ServerSocket.java:237)
	at org.apache.catalina.core.StandardServer.await(StandardServer.java:453)
	at org.apache.catalina.startup.Catalina.await(Catalina.java:783)
	at org.apache.catalina.startup.Catalina.start(Catalina.java:729)
	at sun.reflect.NativeMethodAccessorImpl.invoke0(Native Method)
	at sun.reflect.NativeMethodAccessorImpl.invoke(NativeMethodAccessorImpl.java:62)
	at sun.reflect.DelegatingMethodAccessorImpl.invoke(DelegatingMethodAccessorImpl.java:43)
	at java.lang.reflect.Method.invoke(Method.java:498)
	at org.apache.catalina.startup.Bootstrap.start(Bootstrap.java:350)
	at org.apache.catalina.startup.Bootstrap.main(Bootstrap.java:492)

29-Nov-2018 19:09:13.092 정보 [main] org.apache.coyote.AbstractProtocol.pause Pausing ProtocolHandler ["http-nio-8080"]
29-Nov-2018 19:09:13.092 정보 [main] org.apache.coyote.AbstractProtocol.pause Pausing ProtocolHandler ["ajp-nio-8009"]
29-Nov-2018 19:09:13.093 정보 [main] org.apache.catalina.core.StandardService.stopInternal Stopping service [Catalina]
29-Nov-2018 19:09:13.117 정보 [main] org.apache.coyote.AbstractProtocol.stop Stopping ProtocolHandler ["http-nio-8080"]
29-Nov-2018 19:09:13.118 정보 [main] org.apache.coyote.AbstractProtocol.destroy Destroying ProtocolHandler ["http-nio-8080"]
29-Nov-2018 19:09:13.120 정보 [main] org.apache.coyote.AbstractProtocol.stop Stopping ProtocolHandler ["ajp-nio-8009"]
29-Nov-2018 19:09:13.120 정보 [main] org.apache.coyote.AbstractProtocol.destroy Destroying ProtocolHandler ["ajp-nio-8009"]
29-Nov-2018 19:09:24.928 정보 [main] org.apache.catalina.startup.VersionLoggerListener.log Server version:        Apache Tomcat/9.0.13
29-Nov-2018 19:09:24.934 정보 [main] org.apache.catalina.startup.VersionLoggerListener.log Server built:          Nov 2 2018 14:27:55 UTC
29-Nov-2018 19:09:24.934 정보 [main] org.apache.catalina.startup.VersionLoggerListener.log Server number:         9.0.13.0
29-Nov-2018 19:09:24.935 정보 [main] org.apache.catalina.startup.VersionLoggerListener.log OS Name:               Windows 10
29-Nov-2018 19:09:24.935 정보 [main] org.apache.catalina.startup.VersionLoggerListener.log OS Version:            10.0
29-Nov-2018 19:09:24.936 정보 [main] org.apache.catalina.startup.VersionLoggerListener.log Architecture:          amd64
29-Nov-2018 19:09:24.936 정보 [main] org.apache.catalina.startup.VersionLoggerListener.log Java Home:             C:\Program Files\Java\jdk1.8.0_191\jre
29-Nov-2018 19:09:24.936 정보 [main] org.apache.catalina.startup.VersionLoggerListener.log JVM Version:           1.8.0_191-b12
29-Nov-2018 19:09:24.937 정보 [main] org.apache.catalina.startup.VersionLoggerListener.log JVM Vendor:            Oracle Corporation
29-Nov-2018 19:09:24.937 정보 [main] org.apache.catalina.startup.VersionLoggerListener.log CATALINA_BASE:         C:\응용\Tomcat9\apache-tomcat-9.0.13
29-Nov-2018 19:09:24.938 정보 [main] org.apache.catalina.startup.VersionLoggerListener.log CATALINA_HOME:         C:\응용\Tomcat9\apache-tomcat-9.0.13
29-Nov-2018 19:09:24.939 정보 [main] org.apache.catalina.startup.VersionLoggerListener.log Command line argument: -Djava.util.logging.config.file=C:\응용\Tomcat9\apache-tomcat-9.0.13\conf\logging.properties
29-Nov-2018 19:09:24.944 정보 [main] org.apache.catalina.startup.VersionLoggerListener.log Command line argument: -Djava.util.logging.manager=org.apache.juli.ClassLoaderLogManager
29-Nov-2018 19:09:24.945 정보 [main] org.apache.catalina.startup.VersionLoggerListener.log Command line argument: -Djdk.tls.ephemeralDHKeySize=2048
29-Nov-2018 19:09:24.945 정보 [main] org.apache.catalina.startup.VersionLoggerListener.log Command line argument: -Djava.protocol.handler.pkgs=org.apache.catalina.webresources
29-Nov-2018 19:09:24.945 정보 [main] org.apache.catalina.startup.VersionLoggerListener.log Command line argument: -Dignore.endorsed.dirs=
29-Nov-2018 19:09:24.946 정보 [main] org.apache.catalina.startup.VersionLoggerListener.log Command line argument: -Dcatalina.base=C:\응용\Tomcat9\apache-tomcat-9.0.13
29-Nov-2018 19:09:24.947 정보 [main] org.apache.catalina.startup.VersionLoggerListener.log Command line argument: -Dcatalina.home=C:\응용\Tomcat9\apache-tomcat-9.0.13
29-Nov-2018 19:09:24.948 정보 [main] org.apache.catalina.startup.VersionLoggerListener.log Command line argument: -Djava.io.tmpdir=C:\응용\Tomcat9\apache-tomcat-9.0.13\temp
29-Nov-2018 19:09:24.949 정보 [main] org.apache.catalina.core.AprLifecycleListener.lifecycleEvent The APR based Apache Tomcat Native library which allows optimal performance in production environments was not found on the java.library.path: [C:\Program Files\Java\jdk1.8.0_191\bin;C:\WINDOWS\Sun\Java\bin;C:\WINDOWS\system32;C:\WINDOWS;C:\Program Files (x86)\Common Files\Oracle\Java\javapath;C:\WINDOWS\system32;C:\WINDOWS;C:\WINDOWS\System32\Wbem;C:\WINDOWS\System32\WindowsPowerShell\v1.0\;C:\WINDOWS\System32\OpenSSH\;C:\Program Files\Git\cmd;C:\Program Files\TortoiseGit\bin;C:\Program Files\Java\jdk1.8.0_191\bin;C:\MinGW\bin;C:\Users\cbg17\AppData\Local\Microsoft\WindowsApps;;.]
29-Nov-2018 19:09:25.113 정보 [main] org.apache.coyote.AbstractProtocol.init Initializing ProtocolHandler ["http-nio-8080"]
29-Nov-2018 19:09:25.372 정보 [main] org.apache.tomcat.util.net.NioSelectorPool.getSharedSelector Using a shared selector for servlet write/read
29-Nov-2018 19:09:25.389 정보 [main] org.apache.coyote.AbstractProtocol.init Initializing ProtocolHandler ["ajp-nio-8009"]
29-Nov-2018 19:09:25.392 정보 [main] org.apache.tomcat.util.net.NioSelectorPool.getSharedSelector Using a shared selector for servlet write/read
29-Nov-2018 19:09:25.393 정보 [main] org.apache.catalina.startup.Catalina.load Initialization processed in 959 ms
29-Nov-2018 19:09:25.445 정보 [main] org.apache.catalina.core.StandardService.startInternal Starting service [Catalina]
29-Nov-2018 19:09:25.445 정보 [main] org.apache.catalina.core.StandardEngine.startInternal Starting Servlet Engine: Apache Tomcat/9.0.13
29-Nov-2018 19:09:25.457 정보 [main] org.apache.catalina.startup.HostConfig.deployDirectory Deploying web application directory [C:\응용\Tomcat9\apache-tomcat-9.0.13\webapps\docs]
29-Nov-2018 19:09:25.858 정보 [main] org.apache.catalina.startup.HostConfig.deployDirectory Deployment of web application directory [C:\응용\Tomcat9\apache-tomcat-9.0.13\webapps\docs] has finished in [402] ms
29-Nov-2018 19:09:25.859 정보 [main] org.apache.catalina.startup.HostConfig.deployDirectory Deploying web application directory [C:\응용\Tomcat9\apache-tomcat-9.0.13\webapps\examples]
29-Nov-2018 19:09:26.347 정보 [main] org.apache.catalina.startup.HostConfig.deployDirectory Deployment of web application directory [C:\응용\Tomcat9\apache-tomcat-9.0.13\webapps\examples] has finished in [488] ms
29-Nov-2018 19:09:26.348 정보 [main] org.apache.catalina.startup.HostConfig.deployDirectory Deploying web application directory [C:\응용\Tomcat9\apache-tomcat-9.0.13\webapps\host-manager]
29-Nov-2018 19:09:26.397 정보 [main] org.apache.catalina.startup.HostConfig.deployDirectory Deployment of web application directory [C:\응용\Tomcat9\apache-tomcat-9.0.13\webapps\host-manager] has finished in [49] ms
29-Nov-2018 19:09:26.398 정보 [main] org.apache.catalina.startup.HostConfig.deployDirectory Deploying web application directory [C:\응용\Tomcat9\apache-tomcat-9.0.13\webapps\manager]
29-Nov-2018 19:09:26.440 정보 [main] org.apache.catalina.startup.HostConfig.deployDirectory Deployment of web application directory [C:\응용\Tomcat9\apache-tomcat-9.0.13\webapps\manager] has finished in [41] ms
29-Nov-2018 19:09:26.441 정보 [main] org.apache.catalina.startup.HostConfig.deployDirectory Deploying web application directory [C:\응용\Tomcat9\apache-tomcat-9.0.13\webapps\ROOT]
29-Nov-2018 19:09:26.477 정보 [main] org.apache.catalina.startup.HostConfig.deployDirectory Deployment of web application directory [C:\응용\Tomcat9\apache-tomcat-9.0.13\webapps\ROOT] has finished in [35] ms
29-Nov-2018 19:09:26.481 정보 [main] org.apache.coyote.AbstractProtocol.start Starting ProtocolHandler ["http-nio-8080"]
29-Nov-2018 19:09:26.504 정보 [main] org.apache.coyote.AbstractProtocol.start Starting ProtocolHandler ["ajp-nio-8009"]
29-Nov-2018 19:09:26.509 정보 [main] org.apache.catalina.startup.Catalina.start Server startup in 1115 ms
29-Nov-2018 19:09:43.769 정보 [Thread-5] org.apache.coyote.AbstractProtocol.pause Pausing ProtocolHandler ["http-nio-8080"]
29-Nov-2018 19:09:43.995 정보 [Thread-5] org.apache.coyote.AbstractProtocol.pause Pausing ProtocolHandler ["ajp-nio-8009"]
29-Nov-2018 19:09:44.197 정보 [Thread-5] org.apache.catalina.core.StandardService.stopInternal Stopping service [Catalina]
29-Nov-2018 19:09:44.239 정보 [Thread-5] org.apache.coyote.AbstractProtocol.stop Stopping ProtocolHandler ["http-nio-8080"]
29-Nov-2018 19:09:44.247 정보 [Thread-5] org.apache.coyote.AbstractProtocol.stop Stopping ProtocolHandler ["ajp-nio-8009"]
29-Nov-2018 19:09:44.250 정보 [Thread-5] org.apache.coyote.AbstractProtocol.destroy Destroying ProtocolHandler ["http-nio-8080"]
29-Nov-2018 19:09:44.252 정보 [Thread-5] org.apache.coyote.AbstractProtocol.destroy Destroying ProtocolHandler ["ajp-nio-8009"]
29-Nov-2018 19:10:33.996 정보 [main] org.apache.catalina.startup.VersionLoggerListener.log Server version:        Apache Tomcat/9.0.13
29-Nov-2018 19:10:34.001 정보 [main] org.apache.catalina.startup.VersionLoggerListener.log Server built:          Nov 2 2018 14:27:55 UTC
29-Nov-2018 19:10:34.001 정보 [main] org.apache.catalina.startup.VersionLoggerListener.log Server number:         9.0.13.0
29-Nov-2018 19:10:34.001 정보 [main] org.apache.catalina.startup.VersionLoggerListener.log OS Name:               Windows 10
29-Nov-2018 19:10:34.002 정보 [main] org.apache.catalina.startup.VersionLoggerListener.log OS Version:            10.0
29-Nov-2018 19:10:34.002 정보 [main] org.apache.catalina.startup.VersionLoggerListener.log Architecture:          amd64
29-Nov-2018 19:10:34.002 정보 [main] org.apache.catalina.startup.VersionLoggerListener.log Java Home:             C:\Program Files\Java\jdk1.8.0_191\jre
29-Nov-2018 19:10:34.002 정보 [main] org.apache.catalina.startup.VersionLoggerListener.log JVM Version:           1.8.0_191-b12
29-Nov-2018 19:10:34.003 정보 [main] org.apache.catalina.startup.VersionLoggerListener.log JVM Vendor:            Oracle Corporation
29-Nov-2018 19:10:34.003 정보 [main] org.apache.catalina.startup.VersionLoggerListener.log CATALINA_BASE:         C:\응용\Tomcat9\apache-tomcat-9.0.13
29-Nov-2018 19:10:34.003 정보 [main] org.apache.catalina.startup.VersionLoggerListener.log CATALINA_HOME:         C:\응용\Tomcat9\apache-tomcat-9.0.13
29-Nov-2018 19:10:34.004 정보 [main] org.apache.catalina.startup.VersionLoggerListener.log Command line argument: -Djava.util.logging.config.file=C:\응용\Tomcat9\apache-tomcat-9.0.13\conf\logging.properties
29-Nov-2018 19:10:34.005 정보 [main] org.apache.catalina.startup.VersionLoggerListener.log Command line argument: -Djava.util.logging.manager=org.apache.juli.ClassLoaderLogManager
29-Nov-2018 19:10:34.005 정보 [main] org.apache.catalina.startup.VersionLoggerListener.log Command line argument: -Djdk.tls.ephemeralDHKeySize=2048
29-Nov-2018 19:10:34.006 정보 [main] org.apache.catalina.startup.VersionLoggerListener.log Command line argument: -Djava.protocol.handler.pkgs=org.apache.catalina.webresources
29-Nov-2018 19:10:34.007 정보 [main] org.apache.catalina.startup.VersionLoggerListener.log Command line argument: -Dignore.endorsed.dirs=
29-Nov-2018 19:10:34.008 정보 [main] org.apache.catalina.startup.VersionLoggerListener.log Command line argument: -Dcatalina.base=C:\응용\Tomcat9\apache-tomcat-9.0.13
29-Nov-2018 19:10:34.016 정보 [main] org.apache.catalina.startup.VersionLoggerListener.log Command line argument: -Dcatalina.home=C:\응용\Tomcat9\apache-tomcat-9.0.13
29-Nov-2018 19:10:34.017 정보 [main] org.apache.catalina.startup.VersionLoggerListener.log Command line argument: -Djava.io.tmpdir=C:\응용\Tomcat9\apache-tomcat-9.0.13\temp
29-Nov-2018 19:10:34.017 정보 [main] org.apache.catalina.core.AprLifecycleListener.lifecycleEvent The APR based Apache Tomcat Native library which allows optimal performance in production environments was not found on the java.library.path: [C:\Program Files\Java\jdk1.8.0_191\bin;C:\WINDOWS\Sun\Java\bin;C:\WINDOWS\system32;C:\WINDOWS;C:\Program Files (x86)\Common Files\Oracle\Java\javapath;C:\WINDOWS\system32;C:\WINDOWS;C:\WINDOWS\System32\Wbem;C:\WINDOWS\System32\WindowsPowerShell\v1.0\;C:\WINDOWS\System32\OpenSSH\;C:\Program Files\Git\cmd;C:\Program Files\TortoiseGit\bin;C:\Program Files\Java\jdk1.8.0_191\bin;C:\MinGW\bin;C:\Users\cbg17\AppData\Local\Microsoft\WindowsApps;;.]
29-Nov-2018 19:10:34.193 정보 [main] org.apache.coyote.AbstractProtocol.init Initializing ProtocolHandler ["http-nio-8080"]
29-Nov-2018 19:10:34.472 정보 [main] org.apache.tomcat.util.net.NioSelectorPool.getSharedSelector Using a shared selector for servlet write/read
29-Nov-2018 19:10:34.489 정보 [main] org.apache.coyote.AbstractProtocol.init Initializing ProtocolHandler ["ajp-nio-8009"]
29-Nov-2018 19:10:34.493 정보 [main] org.apache.tomcat.util.net.NioSelectorPool.getSharedSelector Using a shared selector for servlet write/read
29-Nov-2018 19:10:34.495 정보 [main] org.apache.catalina.startup.Catalina.load Initialization processed in 1046 ms
29-Nov-2018 19:10:34.549 정보 [main] org.apache.catalina.core.StandardService.startInternal Starting service [Catalina]
29-Nov-2018 19:10:34.549 정보 [main] org.apache.catalina.core.StandardEngine.startInternal Starting Servlet Engine: Apache Tomcat/9.0.13
29-Nov-2018 19:10:34.565 정보 [main] org.apache.catalina.startup.HostConfig.deployDirectory Deploying web application directory [C:\응용\Tomcat9\apache-tomcat-9.0.13\webapps\docs]
29-Nov-2018 19:10:34.961 정보 [main] org.apache.catalina.startup.HostConfig.deployDirectory Deployment of web application directory [C:\응용\Tomcat9\apache-tomcat-9.0.13\webapps\docs] has finished in [395] ms
29-Nov-2018 19:10:34.962 정보 [main] org.apache.catalina.startup.HostConfig.deployDirectory Deploying web application directory [C:\응용\Tomcat9\apache-tomcat-9.0.13\webapps\examples]
29-Nov-2018 19:10:35.400 정보 [main] org.apache.catalina.startup.HostConfig.deployDirectory Deployment of web application directory [C:\응용\Tomcat9\apache-tomcat-9.0.13\webapps\examples] has finished in [438] ms
29-Nov-2018 19:10:35.401 정보 [main] org.apache.catalina.startup.HostConfig.deployDirectory Deploying web application directory [C:\응용\Tomcat9\apache-tomcat-9.0.13\webapps\host-manager]
29-Nov-2018 19:10:35.441 정보 [main] org.apache.catalina.startup.HostConfig.deployDirectory Deployment of web application directory [C:\응용\Tomcat9\apache-tomcat-9.0.13\webapps\host-manager] has finished in [40] ms
29-Nov-2018 19:10:35.442 정보 [main] org.apache.catalina.startup.HostConfig.deployDirectory Deploying web application directory [C:\응용\Tomcat9\apache-tomcat-9.0.13\webapps\manager]
29-Nov-2018 19:10:35.480 정보 [main] org.apache.catalina.startup.HostConfig.deployDirectory Deployment of web application directory [C:\응용\Tomcat9\apache-tomcat-9.0.13\webapps\manager] has finished in [38] ms
29-Nov-2018 19:10:35.481 정보 [main] org.apache.catalina.startup.HostConfig.deployDirectory Deploying web application directory [C:\응용\Tomcat9\apache-tomcat-9.0.13\webapps\ROOT]
29-Nov-2018 19:10:35.514 정보 [main] org.apache.catalina.startup.HostConfig.deployDirectory Deployment of web application directory [C:\응용\Tomcat9\apache-tomcat-9.0.13\webapps\ROOT] has finished in [33] ms
29-Nov-2018 19:10:35.519 정보 [main] org.apache.coyote.AbstractProtocol.start Starting ProtocolHandler ["http-nio-8080"]
29-Nov-2018 19:10:35.538 정보 [main] org.apache.coyote.AbstractProtocol.start Starting ProtocolHandler ["ajp-nio-8009"]
29-Nov-2018 19:10:35.543 정보 [main] org.apache.catalina.startup.Catalina.start Server startup in 1046 ms
29-Nov-2018 19:14:01.176 정보 [main] org.apache.catalina.startup.VersionLoggerListener.log Server version:        Apache Tomcat/9.0.13
29-Nov-2018 19:14:01.180 정보 [main] org.apache.catalina.startup.VersionLoggerListener.log Server built:          Nov 2 2018 14:27:55 UTC
29-Nov-2018 19:14:01.181 정보 [main] org.apache.catalina.startup.VersionLoggerListener.log Server number:         9.0.13.0
29-Nov-2018 19:14:01.181 정보 [main] org.apache.catalina.startup.VersionLoggerListener.log OS Name:               Windows 10
29-Nov-2018 19:14:01.182 정보 [main] org.apache.catalina.startup.VersionLoggerListener.log OS Version:            10.0
29-Nov-2018 19:14:01.183 정보 [main] org.apache.catalina.startup.VersionLoggerListener.log Architecture:          amd64
29-Nov-2018 19:14:01.183 정보 [main] org.apache.catalina.startup.VersionLoggerListener.log Java Home:             C:\Program Files\Java\jdk1.8.0_191\jre
29-Nov-2018 19:14:01.184 정보 [main] org.apache.catalina.startup.VersionLoggerListener.log JVM Version:           1.8.0_191-b12
29-Nov-2018 19:14:01.184 정보 [main] org.apache.catalina.startup.VersionLoggerListener.log JVM Vendor:            Oracle Corporation
29-Nov-2018 19:14:01.184 정보 [main] org.apache.catalina.startup.VersionLoggerListener.log CATALINA_BASE:         C:\응용\Tomcat9\apache-tomcat-9.0.13
29-Nov-2018 19:14:01.186 정보 [main] org.apache.catalina.startup.VersionLoggerListener.log CATALINA_HOME:         C:\응용\Tomcat9\apache-tomcat-9.0.13
29-Nov-2018 19:14:01.186 정보 [main] org.apache.catalina.startup.VersionLoggerListener.log Command line argument: -Djava.util.logging.config.file=C:\응용\Tomcat9\apache-tomcat-9.0.13\conf\logging.properties
29-Nov-2018 19:14:01.187 정보 [main] org.apache.catalina.startup.VersionLoggerListener.log Command line argument: -Djava.util.logging.manager=org.apache.juli.ClassLoaderLogManager
29-Nov-2018 19:14:01.188 정보 [main] org.apache.catalina.startup.VersionLoggerListener.log Command line argument: -Djdk.tls.ephemeralDHKeySize=2048
29-Nov-2018 19:14:01.192 정보 [main] org.apache.catalina.startup.VersionLoggerListener.log Command line argument: -Djava.protocol.handler.pkgs=org.apache.catalina.webresources
29-Nov-2018 19:14:01.193 정보 [main] org.apache.catalina.startup.VersionLoggerListener.log Command line argument: -Dignore.endorsed.dirs=
29-Nov-2018 19:14:01.193 정보 [main] org.apache.catalina.startup.VersionLoggerListener.log Command line argument: -Dcatalina.base=C:\응용\Tomcat9\apache-tomcat-9.0.13
29-Nov-2018 19:14:01.196 정보 [main] org.apache.catalina.startup.VersionLoggerListener.log Command line argument: -Dcatalina.home=C:\응용\Tomcat9\apache-tomcat-9.0.13
29-Nov-2018 19:14:01.197 정보 [main] org.apache.catalina.startup.VersionLoggerListener.log Command line argument: -Djava.io.tmpdir=C:\응용\Tomcat9\apache-tomcat-9.0.13\temp
29-Nov-2018 19:14:01.198 정보 [main] org.apache.catalina.core.AprLifecycleListener.lifecycleEvent The APR based Apache Tomcat Native library which allows optimal performance in production environments was not found on the java.library.path: [C:\Program Files\Java\jdk1.8.0_191\bin;C:\WINDOWS\Sun\Java\bin;C:\WINDOWS\system32;C:\WINDOWS;C:\Program Files (x86)\Common Files\Oracle\Java\javapath;C:\WINDOWS\system32;C:\WINDOWS;C:\WINDOWS\System32\Wbem;C:\WINDOWS\System32\WindowsPowerShell\v1.0\;C:\WINDOWS\System32\OpenSSH\;C:\Program Files\Git\cmd;C:\Program Files\TortoiseGit\bin;C:\Program Files\Java\jdk1.8.0_191\bin;C:\MinGW\bin;C:\Users\cbg17\AppData\Local\Microsoft\WindowsApps;;.]
29-Nov-2018 19:14:01.366 정보 [main] org.apache.coyote.AbstractProtocol.init Initializing ProtocolHandler ["http-nio-8080"]
29-Nov-2018 19:14:01.651 정보 [main] org.apache.tomcat.util.net.NioSelectorPool.getSharedSelector Using a shared selector for servlet write/read
29-Nov-2018 19:14:01.652 심각 [main] org.apache.catalina.util.LifecycleBase.handleSubClassException Failed to initialize component [Connector[HTTP/1.1-8080]]
 org.apache.catalina.LifecycleException: Protocol handler initialization failed
	at org.apache.catalina.connector.Connector.initInternal(Connector.java:976)
	at org.apache.catalina.util.LifecycleBase.init(LifecycleBase.java:136)
	at org.apache.catalina.core.StandardService.initInternal(StandardService.java:533)
	at org.apache.catalina.util.LifecycleBase.init(LifecycleBase.java:136)
	at org.apache.catalina.core.StandardServer.initInternal(StandardServer.java:883)
	at org.apache.catalina.util.LifecycleBase.init(LifecycleBase.java:136)
	at org.apache.catalina.startup.Catalina.load(Catalina.java:646)
	at org.apache.catalina.startup.Catalina.load(Catalina.java:669)
	at sun.reflect.NativeMethodAccessorImpl.invoke0(Native Method)
	at sun.reflect.NativeMethodAccessorImpl.invoke(NativeMethodAccessorImpl.java:62)
	at sun.reflect.DelegatingMethodAccessorImpl.invoke(DelegatingMethodAccessorImpl.java:43)
	at java.lang.reflect.Method.invoke(Method.java:498)
	at org.apache.catalina.startup.Bootstrap.load(Bootstrap.java:306)
	at org.apache.catalina.startup.Bootstrap.main(Bootstrap.java:491)
Caused by: java.net.BindException: Address already in use: bind
	at sun.nio.ch.Net.bind0(Native Method)
	at sun.nio.ch.Net.bind(Net.java:433)
	at sun.nio.ch.Net.bind(Net.java:425)
	at sun.nio.ch.ServerSocketChannelImpl.bind(ServerSocketChannelImpl.java:223)
	at sun.nio.ch.ServerSocketAdaptor.bind(ServerSocketAdaptor.java:74)
	at org.apache.tomcat.util.net.NioEndpoint.initServerSocket(NioEndpoint.java:236)
	at org.apache.tomcat.util.net.NioEndpoint.bind(NioEndpoint.java:210)
	at org.apache.tomcat.util.net.AbstractEndpoint.bindWithCleanup(AbstractEndpoint.java:1067)
	at org.apache.tomcat.util.net.AbstractEndpoint.init(AbstractEndpoint.java:1080)
	at org.apache.coyote.AbstractProtocol.init(AbstractProtocol.java:550)
	at org.apache.coyote.http11.AbstractHttp11Protocol.init(AbstractHttp11Protocol.java:74)
	at org.apache.catalina.connector.Connector.initInternal(Connector.java:973)
	... 13 more

29-Nov-2018 19:14:01.656 정보 [main] org.apache.coyote.AbstractProtocol.init Initializing ProtocolHandler ["ajp-nio-8009"]
29-Nov-2018 19:14:01.660 정보 [main] org.apache.tomcat.util.net.NioSelectorPool.getSharedSelector Using a shared selector for servlet write/read
29-Nov-2018 19:14:01.661 심각 [main] org.apache.catalina.util.LifecycleBase.handleSubClassException Failed to initialize component [Connector[AJP/1.3-8009]]
 org.apache.catalina.LifecycleException: Protocol handler initialization failed
	at org.apache.catalina.connector.Connector.initInternal(Connector.java:976)
	at org.apache.catalina.util.LifecycleBase.init(LifecycleBase.java:136)
	at org.apache.catalina.core.StandardService.initInternal(StandardService.java:533)
	at org.apache.catalina.util.LifecycleBase.init(LifecycleBase.java:136)
	at org.apache.catalina.core.StandardServer.initInternal(StandardServer.java:883)
	at org.apache.catalina.util.LifecycleBase.init(LifecycleBase.java:136)
	at org.apache.catalina.startup.Catalina.load(Catalina.java:646)
	at org.apache.catalina.startup.Catalina.load(Catalina.java:669)
	at sun.reflect.NativeMethodAccessorImpl.invoke0(Native Method)
	at sun.reflect.NativeMethodAccessorImpl.invoke(NativeMethodAccessorImpl.java:62)
	at sun.reflect.DelegatingMethodAccessorImpl.invoke(DelegatingMethodAccessorImpl.java:43)
	at java.lang.reflect.Method.invoke(Method.java:498)
	at org.apache.catalina.startup.Bootstrap.load(Bootstrap.java:306)
	at org.apache.catalina.startup.Bootstrap.main(Bootstrap.java:491)
Caused by: java.net.BindException: Address already in use: bind
	at sun.nio.ch.Net.bind0(Native Method)
	at sun.nio.ch.Net.bind(Net.java:433)
	at sun.nio.ch.Net.bind(Net.java:425)
	at sun.nio.ch.ServerSocketChannelImpl.bind(ServerSocketChannelImpl.java:223)
	at sun.nio.ch.ServerSocketAdaptor.bind(ServerSocketAdaptor.java:74)
	at org.apache.tomcat.util.net.NioEndpoint.initServerSocket(NioEndpoint.java:236)
	at org.apache.tomcat.util.net.NioEndpoint.bind(NioEndpoint.java:210)
	at org.apache.tomcat.util.net.AbstractEndpoint.bindWithCleanup(AbstractEndpoint.java:1067)
	at org.apache.tomcat.util.net.AbstractEndpoint.init(AbstractEndpoint.java:1080)
	at org.apache.coyote.AbstractProtocol.init(AbstractProtocol.java:550)
	at org.apache.catalina.connector.Connector.initInternal(Connector.java:973)
	... 13 more

29-Nov-2018 19:14:01.668 정보 [main] org.apache.catalina.startup.Catalina.load Initialization processed in 1097 ms
29-Nov-2018 19:14:01.713 정보 [main] org.apache.catalina.core.StandardService.startInternal Starting service [Catalina]
29-Nov-2018 19:14:01.713 정보 [main] org.apache.catalina.core.StandardEngine.startInternal Starting Servlet Engine: Apache Tomcat/9.0.13
29-Nov-2018 19:14:01.728 정보 [main] org.apache.catalina.startup.HostConfig.deployDirectory Deploying web application directory [C:\응용\Tomcat9\apache-tomcat-9.0.13\webapps\docs]
29-Nov-2018 19:14:02.126 정보 [main] org.apache.catalina.startup.HostConfig.deployDirectory Deployment of web application directory [C:\응용\Tomcat9\apache-tomcat-9.0.13\webapps\docs] has finished in [398] ms
29-Nov-2018 19:14:02.127 정보 [main] org.apache.catalina.startup.HostConfig.deployDirectory Deploying web application directory [C:\응용\Tomcat9\apache-tomcat-9.0.13\webapps\examples]
29-Nov-2018 19:14:02.691 정보 [main] org.apache.catalina.startup.HostConfig.deployDirectory Deployment of web application directory [C:\응용\Tomcat9\apache-tomcat-9.0.13\webapps\examples] has finished in [563] ms
29-Nov-2018 19:14:02.693 정보 [main] org.apache.catalina.startup.HostConfig.deployDirectory Deploying web application directory [C:\응용\Tomcat9\apache-tomcat-9.0.13\webapps\host-manager]
29-Nov-2018 19:14:02.761 정보 [main] org.apache.catalina.startup.HostConfig.deployDirectory Deployment of web application directory [C:\응용\Tomcat9\apache-tomcat-9.0.13\webapps\host-manager] has finished in [67] ms
29-Nov-2018 19:14:02.762 정보 [main] org.apache.catalina.startup.HostConfig.deployDirectory Deploying web application directory [C:\응용\Tomcat9\apache-tomcat-9.0.13\webapps\manager]
29-Nov-2018 19:14:02.917 정보 [main] org.apache.catalina.startup.HostConfig.deployDirectory Deployment of web application directory [C:\응용\Tomcat9\apache-tomcat-9.0.13\webapps\manager] has finished in [155] ms
29-Nov-2018 19:14:02.955 정보 [main] org.apache.catalina.startup.HostConfig.deployDirectory Deploying web application directory [C:\응용\Tomcat9\apache-tomcat-9.0.13\webapps\ROOT]
29-Nov-2018 19:14:03.037 정보 [main] org.apache.catalina.startup.HostConfig.deployDirectory Deployment of web application directory [C:\응용\Tomcat9\apache-tomcat-9.0.13\webapps\ROOT] has finished in [82] ms
29-Nov-2018 19:14:03.047 정보 [main] org.apache.catalina.startup.Catalina.start Server startup in 1378 ms
29-Nov-2018 19:14:03.054 심각 [main] org.apache.catalina.core.StandardServer.await Failed to create server shutdown socket on address [localhost] and port [8005] (base port [8005] and offset [0])
 java.net.BindException: Address already in use: JVM_Bind
	at java.net.DualStackPlainSocketImpl.bind0(Native Method)
	at java.net.DualStackPlainSocketImpl.socketBind(DualStackPlainSocketImpl.java:106)
	at java.net.AbstractPlainSocketImpl.bind(AbstractPlainSocketImpl.java:387)
	at java.net.PlainSocketImpl.bind(PlainSocketImpl.java:190)
	at java.net.ServerSocket.bind(ServerSocket.java:375)
	at java.net.ServerSocket.<init>(ServerSocket.java:237)
	at org.apache.catalina.core.StandardServer.await(StandardServer.java:453)
	at org.apache.catalina.startup.Catalina.await(Catalina.java:783)
	at org.apache.catalina.startup.Catalina.start(Catalina.java:729)
	at sun.reflect.NativeMethodAccessorImpl.invoke0(Native Method)
	at sun.reflect.NativeMethodAccessorImpl.invoke(NativeMethodAccessorImpl.java:62)
	at sun.reflect.DelegatingMethodAccessorImpl.invoke(DelegatingMethodAccessorImpl.java:43)
	at java.lang.reflect.Method.invoke(Method.java:498)
	at org.apache.catalina.startup.Bootstrap.start(Bootstrap.java:350)
	at org.apache.catalina.startup.Bootstrap.main(Bootstrap.java:492)

29-Nov-2018 19:14:03.059 정보 [main] org.apache.coyote.AbstractProtocol.pause Pausing ProtocolHandler ["http-nio-8080"]
29-Nov-2018 19:14:03.064 정보 [main] org.apache.coyote.AbstractProtocol.pause Pausing ProtocolHandler ["ajp-nio-8009"]
29-Nov-2018 19:14:03.064 정보 [main] org.apache.catalina.core.StandardService.stopInternal Stopping service [Catalina]
29-Nov-2018 19:14:03.111 정보 [main] org.apache.coyote.AbstractProtocol.stop Stopping ProtocolHandler ["http-nio-8080"]
29-Nov-2018 19:14:03.112 정보 [main] org.apache.coyote.AbstractProtocol.destroy Destroying ProtocolHandler ["http-nio-8080"]
29-Nov-2018 19:14:03.114 정보 [main] org.apache.coyote.AbstractProtocol.stop Stopping ProtocolHandler ["ajp-nio-8009"]
29-Nov-2018 19:14:03.114 정보 [main] org.apache.coyote.AbstractProtocol.destroy Destroying ProtocolHandler ["ajp-nio-8009"]
29-Nov-2018 19:14:22.419 정보 [Thread-5] org.apache.coyote.AbstractProtocol.pause Pausing ProtocolHandler ["http-nio-8080"]
29-Nov-2018 19:14:22.638 정보 [Thread-5] org.apache.coyote.AbstractProtocol.pause Pausing ProtocolHandler ["ajp-nio-8009"]
29-Nov-2018 19:14:22.843 정보 [Thread-5] org.apache.catalina.core.StandardService.stopInternal Stopping service [Catalina]
29-Nov-2018 19:14:22.887 정보 [Thread-5] org.apache.coyote.AbstractProtocol.stop Stopping ProtocolHandler ["http-nio-8080"]
29-Nov-2018 19:14:22.891 정보 [Thread-5] org.apache.coyote.AbstractProtocol.stop Stopping ProtocolHandler ["ajp-nio-8009"]
29-Nov-2018 19:14:22.894 정보 [Thread-5] org.apache.coyote.AbstractProtocol.destroy Destroying ProtocolHandler ["http-nio-8080"]
29-Nov-2018 19:14:22.896 정보 [Thread-5] org.apache.coyote.AbstractProtocol.destroy Destroying ProtocolHandler ["ajp-nio-8009"]
