23-Nov-2018 19:19:09.006 정보 [main] org.apache.catalina.startup.VersionLoggerListener.log Server version:        Apache Tomcat/9.0.13
23-Nov-2018 19:19:09.009 정보 [main] org.apache.catalina.startup.VersionLoggerListener.log Server built:          Nov 2 2018 14:27:55 UTC
23-Nov-2018 19:19:09.010 정보 [main] org.apache.catalina.startup.VersionLoggerListener.log Server number:         9.0.13.0
23-Nov-2018 19:19:09.011 정보 [main] org.apache.catalina.startup.VersionLoggerListener.log OS Name:               Windows 10
23-Nov-2018 19:19:09.011 정보 [main] org.apache.catalina.startup.VersionLoggerListener.log OS Version:            10.0
23-Nov-2018 19:19:09.011 정보 [main] org.apache.catalina.startup.VersionLoggerListener.log Architecture:          amd64
23-Nov-2018 19:19:09.011 정보 [main] org.apache.catalina.startup.VersionLoggerListener.log Java Home:             C:\Program Files\Java\jdk1.8.0_191\jre
23-Nov-2018 19:19:09.016 정보 [main] org.apache.catalina.startup.VersionLoggerListener.log JVM Version:           1.8.0_191-b12
23-Nov-2018 19:19:09.016 정보 [main] org.apache.catalina.startup.VersionLoggerListener.log JVM Vendor:            Oracle Corporation
23-Nov-2018 19:19:09.016 정보 [main] org.apache.catalina.startup.VersionLoggerListener.log CATALINA_BASE:         C:\응용\apache-tomcat-9.0.13
23-Nov-2018 19:19:09.017 정보 [main] org.apache.catalina.startup.VersionLoggerListener.log CATALINA_HOME:         C:\응용\apache-tomcat-9.0.13
23-Nov-2018 19:19:09.018 정보 [main] org.apache.catalina.startup.VersionLoggerListener.log Command line argument: -Djava.util.logging.config.file=C:\응용\apache-tomcat-9.0.13\conf\logging.properties
23-Nov-2018 19:19:09.018 정보 [main] org.apache.catalina.startup.VersionLoggerListener.log Command line argument: -Djava.util.logging.manager=org.apache.juli.ClassLoaderLogManager
23-Nov-2018 19:19:09.019 정보 [main] org.apache.catalina.startup.VersionLoggerListener.log Command line argument: -Djdk.tls.ephemeralDHKeySize=2048
23-Nov-2018 19:19:09.022 정보 [main] org.apache.catalina.startup.VersionLoggerListener.log Command line argument: -Djava.protocol.handler.pkgs=org.apache.catalina.webresources
23-Nov-2018 19:19:09.022 정보 [main] org.apache.catalina.startup.VersionLoggerListener.log Command line argument: -Dignore.endorsed.dirs=
23-Nov-2018 19:19:09.023 정보 [main] org.apache.catalina.startup.VersionLoggerListener.log Command line argument: -Dcatalina.base=C:\응용\apache-tomcat-9.0.13
23-Nov-2018 19:19:09.024 정보 [main] org.apache.catalina.startup.VersionLoggerListener.log Command line argument: -Dcatalina.home=C:\응용\apache-tomcat-9.0.13
23-Nov-2018 19:19:09.025 정보 [main] org.apache.catalina.startup.VersionLoggerListener.log Command line argument: -Djava.io.tmpdir=C:\응용\apache-tomcat-9.0.13\temp
23-Nov-2018 19:19:09.026 정보 [main] org.apache.catalina.core.AprLifecycleListener.lifecycleEvent The APR based Apache Tomcat Native library which allows optimal performance in production environments was not found on the java.library.path: [C:\Program Files\Java\jdk1.8.0_191\bin;C:\WINDOWS\Sun\Java\bin;C:\WINDOWS\system32;C:\WINDOWS;C:\Program Files (x86)\Common Files\Oracle\Java\javapath;C:\WINDOWS\system32;C:\WINDOWS;C:\WINDOWS\System32\Wbem;C:\WINDOWS\System32\WindowsPowerShell\v1.0\;C:\WINDOWS\System32\OpenSSH\;C:\Program Files\Git\cmd;C:\Program Files\TortoiseGit\bin;C:\MinGW\bin;C:\Program Files\Java\jdk1.8.0_191\bin;C:\Users\cbg17\AppData\Local\Microsoft\WindowsApps;;.]
23-Nov-2018 19:19:11.895 정보 [main] org.apache.coyote.AbstractProtocol.init Initializing ProtocolHandler ["http-nio-8080"]
23-Nov-2018 19:19:12.316 정보 [main] org.apache.tomcat.util.net.NioSelectorPool.getSharedSelector Using a shared selector for servlet write/read
23-Nov-2018 19:19:12.332 정보 [main] org.apache.coyote.AbstractProtocol.init Initializing ProtocolHandler ["ajp-nio-8009"]
23-Nov-2018 19:19:12.337 정보 [main] org.apache.tomcat.util.net.NioSelectorPool.getSharedSelector Using a shared selector for servlet write/read
23-Nov-2018 19:19:12.345 정보 [main] org.apache.catalina.startup.Catalina.load Initialization processed in 3935 ms
23-Nov-2018 19:19:12.461 정보 [main] org.apache.catalina.core.StandardService.startInternal Starting service [Catalina]
23-Nov-2018 19:19:12.462 정보 [main] org.apache.catalina.core.StandardEngine.startInternal Starting Servlet Engine: Apache Tomcat/9.0.13
23-Nov-2018 19:19:12.493 정보 [main] org.apache.catalina.startup.HostConfig.deployDirectory Deploying web application directory [C:\응용\apache-tomcat-9.0.13\webapps\docs]
23-Nov-2018 19:19:12.943 정보 [main] org.apache.catalina.startup.HostConfig.deployDirectory Deployment of web application directory [C:\응용\apache-tomcat-9.0.13\webapps\docs] has finished in [449] ms
23-Nov-2018 19:19:12.944 정보 [main] org.apache.catalina.startup.HostConfig.deployDirectory Deploying web application directory [C:\응용\apache-tomcat-9.0.13\webapps\examples]
23-Nov-2018 19:19:13.426 정보 [main] org.apache.catalina.startup.HostConfig.deployDirectory Deployment of web application directory [C:\응용\apache-tomcat-9.0.13\webapps\examples] has finished in [482] ms
23-Nov-2018 19:19:13.428 정보 [main] org.apache.catalina.startup.HostConfig.deployDirectory Deploying web application directory [C:\응용\apache-tomcat-9.0.13\webapps\host-manager]
23-Nov-2018 19:19:13.492 정보 [main] org.apache.catalina.startup.HostConfig.deployDirectory Deployment of web application directory [C:\응용\apache-tomcat-9.0.13\webapps\host-manager] has finished in [64] ms
23-Nov-2018 19:19:13.493 정보 [main] org.apache.catalina.startup.HostConfig.deployDirectory Deploying web application directory [C:\응용\apache-tomcat-9.0.13\webapps\manager]
23-Nov-2018 19:19:13.541 정보 [main] org.apache.catalina.startup.HostConfig.deployDirectory Deployment of web application directory [C:\응용\apache-tomcat-9.0.13\webapps\manager] has finished in [47] ms
23-Nov-2018 19:19:13.543 정보 [main] org.apache.catalina.startup.HostConfig.deployDirectory Deploying web application directory [C:\응용\apache-tomcat-9.0.13\webapps\ROOT]
23-Nov-2018 19:19:13.581 정보 [main] org.apache.catalina.startup.HostConfig.deployDirectory Deployment of web application directory [C:\응용\apache-tomcat-9.0.13\webapps\ROOT] has finished in [38] ms
23-Nov-2018 19:19:13.590 정보 [main] org.apache.coyote.AbstractProtocol.start Starting ProtocolHandler ["http-nio-8080"]
23-Nov-2018 19:19:13.609 정보 [main] org.apache.coyote.AbstractProtocol.start Starting ProtocolHandler ["ajp-nio-8009"]
23-Nov-2018 19:19:13.613 정보 [main] org.apache.catalina.startup.Catalina.start Server startup in 1265 ms
23-Nov-2018 19:19:32.568 정보 [main] org.apache.catalina.core.StandardServer.await A valid shutdown command was received via the shutdown port. Stopping the Server instance.
23-Nov-2018 19:19:32.570 정보 [main] org.apache.coyote.AbstractProtocol.pause Pausing ProtocolHandler ["http-nio-8080"]
23-Nov-2018 19:19:32.857 정보 [main] org.apache.coyote.AbstractProtocol.pause Pausing ProtocolHandler ["ajp-nio-8009"]
23-Nov-2018 19:19:33.097 정보 [main] org.apache.catalina.core.StandardService.stopInternal Stopping service [Catalina]
23-Nov-2018 19:19:33.152 정보 [main] org.apache.coyote.AbstractProtocol.stop Stopping ProtocolHandler ["http-nio-8080"]
23-Nov-2018 19:19:33.162 정보 [main] org.apache.coyote.AbstractProtocol.stop Stopping ProtocolHandler ["ajp-nio-8009"]
23-Nov-2018 19:19:33.167 정보 [main] org.apache.coyote.AbstractProtocol.destroy Destroying ProtocolHandler ["http-nio-8080"]
23-Nov-2018 19:19:33.169 정보 [main] org.apache.coyote.AbstractProtocol.destroy Destroying ProtocolHandler ["ajp-nio-8009"]
23-Nov-2018 21:57:45.350 정보 [main] org.apache.catalina.startup.VersionLoggerListener.log Server version:        Apache Tomcat/9.0.13
23-Nov-2018 21:57:45.356 정보 [main] org.apache.catalina.startup.VersionLoggerListener.log Server built:          Nov 2 2018 14:27:55 UTC
23-Nov-2018 21:57:45.357 정보 [main] org.apache.catalina.startup.VersionLoggerListener.log Server number:         9.0.13.0
23-Nov-2018 21:57:45.357 정보 [main] org.apache.catalina.startup.VersionLoggerListener.log OS Name:               Windows 10
23-Nov-2018 21:57:45.357 정보 [main] org.apache.catalina.startup.VersionLoggerListener.log OS Version:            10.0
23-Nov-2018 21:57:45.358 정보 [main] org.apache.catalina.startup.VersionLoggerListener.log Architecture:          amd64
23-Nov-2018 21:57:45.358 정보 [main] org.apache.catalina.startup.VersionLoggerListener.log Java Home:             C:\Program Files\Java\jdk1.8.0_191\jre
23-Nov-2018 21:57:45.359 정보 [main] org.apache.catalina.startup.VersionLoggerListener.log JVM Version:           1.8.0_191-b12
23-Nov-2018 21:57:45.361 정보 [main] org.apache.catalina.startup.VersionLoggerListener.log JVM Vendor:            Oracle Corporation
23-Nov-2018 21:57:45.361 정보 [main] org.apache.catalina.startup.VersionLoggerListener.log CATALINA_BASE:         C:\응용\jungtongpro\apache-tomcat-9.0.13
23-Nov-2018 21:57:45.362 정보 [main] org.apache.catalina.startup.VersionLoggerListener.log CATALINA_HOME:         C:\응용\jungtongpro\apache-tomcat-9.0.13
23-Nov-2018 21:57:45.363 정보 [main] org.apache.catalina.startup.VersionLoggerListener.log Command line argument: -Djava.util.logging.config.file=C:\응용\jungtongpro\apache-tomcat-9.0.13\conf\logging.properties
23-Nov-2018 21:57:45.363 정보 [main] org.apache.catalina.startup.VersionLoggerListener.log Command line argument: -Djava.util.logging.manager=org.apache.juli.ClassLoaderLogManager
23-Nov-2018 21:57:45.364 정보 [main] org.apache.catalina.startup.VersionLoggerListener.log Command line argument: -Djdk.tls.ephemeralDHKeySize=2048
23-Nov-2018 21:57:45.365 정보 [main] org.apache.catalina.startup.VersionLoggerListener.log Command line argument: -Djava.protocol.handler.pkgs=org.apache.catalina.webresources
23-Nov-2018 21:57:45.365 정보 [main] org.apache.catalina.startup.VersionLoggerListener.log Command line argument: -Dignore.endorsed.dirs=
23-Nov-2018 21:57:45.370 정보 [main] org.apache.catalina.startup.VersionLoggerListener.log Command line argument: -Dcatalina.base=C:\응용\jungtongpro\apache-tomcat-9.0.13
23-Nov-2018 21:57:45.374 정보 [main] org.apache.catalina.startup.VersionLoggerListener.log Command line argument: -Dcatalina.home=C:\응용\jungtongpro\apache-tomcat-9.0.13
23-Nov-2018 21:57:45.375 정보 [main] org.apache.catalina.startup.VersionLoggerListener.log Command line argument: -Djava.io.tmpdir=C:\응용\jungtongpro\apache-tomcat-9.0.13\temp
23-Nov-2018 21:57:45.377 정보 [main] org.apache.catalina.core.AprLifecycleListener.lifecycleEvent The APR based Apache Tomcat Native library which allows optimal performance in production environments was not found on the java.library.path: [C:\Program Files\Java\jdk1.8.0_191\bin;C:\WINDOWS\Sun\Java\bin;C:\WINDOWS\system32;C:\WINDOWS;C:\Program Files (x86)\Common Files\Oracle\Java\javapath;C:\WINDOWS\system32;C:\WINDOWS;C:\WINDOWS\System32\Wbem;C:\WINDOWS\System32\WindowsPowerShell\v1.0\;C:\WINDOWS\System32\OpenSSH\;C:\Program Files\Git\cmd;C:\Program Files\TortoiseGit\bin;C:\MinGW\bin;C:\Program Files\Java\jdk1.8.0_191\bin;C:\Users\cbg17\AppData\Local\Microsoft\WindowsApps;;.]
23-Nov-2018 21:57:45.631 정보 [main] org.apache.coyote.AbstractProtocol.init Initializing ProtocolHandler ["http-nio-8080"]
23-Nov-2018 21:57:46.060 정보 [main] org.apache.tomcat.util.net.NioSelectorPool.getSharedSelector Using a shared selector for servlet write/read
23-Nov-2018 21:57:46.097 정보 [main] org.apache.coyote.AbstractProtocol.init Initializing ProtocolHandler ["ajp-nio-8009"]
23-Nov-2018 21:57:46.103 정보 [main] org.apache.tomcat.util.net.NioSelectorPool.getSharedSelector Using a shared selector for servlet write/read
23-Nov-2018 21:57:46.105 정보 [main] org.apache.catalina.startup.Catalina.load Initialization processed in 1734 ms
23-Nov-2018 21:57:46.184 정보 [main] org.apache.catalina.core.StandardService.startInternal Starting service [Catalina]
23-Nov-2018 21:57:46.185 정보 [main] org.apache.catalina.core.StandardEngine.startInternal Starting Servlet Engine: Apache Tomcat/9.0.13
23-Nov-2018 21:57:46.228 정보 [main] org.apache.catalina.startup.HostConfig.deployWAR Deploying web application archive [C:\응용\jungtongpro\apache-tomcat-9.0.13\webapps\JSPServer.war]
23-Nov-2018 21:57:46.990 정보 [main] org.apache.catalina.startup.HostConfig.deployWAR Deployment of web application archive [C:\응용\jungtongpro\apache-tomcat-9.0.13\webapps\JSPServer.war] has finished in [761] ms
23-Nov-2018 21:57:46.994 정보 [main] org.apache.catalina.startup.HostConfig.deployDirectory Deploying web application directory [C:\응용\jungtongpro\apache-tomcat-9.0.13\webapps\docs]
23-Nov-2018 21:57:47.039 정보 [main] org.apache.catalina.startup.HostConfig.deployDirectory Deployment of web application directory [C:\응용\jungtongpro\apache-tomcat-9.0.13\webapps\docs] has finished in [45] ms
23-Nov-2018 21:57:47.041 정보 [main] org.apache.catalina.startup.HostConfig.deployDirectory Deploying web application directory [C:\응용\jungtongpro\apache-tomcat-9.0.13\webapps\examples]
23-Nov-2018 21:57:48.829 정보 [main] org.apache.catalina.startup.HostConfig.deployDirectory Deployment of web application directory [C:\응용\jungtongpro\apache-tomcat-9.0.13\webapps\examples] has finished in [1,787] ms
23-Nov-2018 21:57:48.831 정보 [main] org.apache.catalina.startup.HostConfig.deployDirectory Deploying web application directory [C:\응용\jungtongpro\apache-tomcat-9.0.13\webapps\host-manager]
23-Nov-2018 21:57:48.885 정보 [main] org.apache.catalina.startup.HostConfig.deployDirectory Deployment of web application directory [C:\응용\jungtongpro\apache-tomcat-9.0.13\webapps\host-manager] has finished in [55] ms
23-Nov-2018 21:57:48.887 정보 [main] org.apache.catalina.startup.HostConfig.deployDirectory Deploying web application directory [C:\응용\jungtongpro\apache-tomcat-9.0.13\webapps\manager]
23-Nov-2018 21:57:48.955 정보 [main] org.apache.catalina.startup.HostConfig.deployDirectory Deployment of web application directory [C:\응용\jungtongpro\apache-tomcat-9.0.13\webapps\manager] has finished in [69] ms
23-Nov-2018 21:57:48.956 정보 [main] org.apache.catalina.startup.HostConfig.deployDirectory Deploying web application directory [C:\응용\jungtongpro\apache-tomcat-9.0.13\webapps\ROOT]
23-Nov-2018 21:57:49.090 정보 [main] org.apache.catalina.startup.HostConfig.deployDirectory Deployment of web application directory [C:\응용\jungtongpro\apache-tomcat-9.0.13\webapps\ROOT] has finished in [134] ms
23-Nov-2018 21:57:49.098 정보 [main] org.apache.coyote.AbstractProtocol.start Starting ProtocolHandler ["http-nio-8080"]
23-Nov-2018 21:57:49.122 정보 [main] org.apache.coyote.AbstractProtocol.start Starting ProtocolHandler ["ajp-nio-8009"]
23-Nov-2018 21:57:49.132 정보 [main] org.apache.catalina.startup.Catalina.start Server startup in 3025 ms
23-Nov-2018 21:58:14.936 정보 [main] org.apache.catalina.core.StandardServer.await A valid shutdown command was received via the shutdown port. Stopping the Server instance.
23-Nov-2018 21:58:14.937 정보 [main] org.apache.coyote.AbstractProtocol.pause Pausing ProtocolHandler ["http-nio-8080"]
23-Nov-2018 21:58:15.227 정보 [main] org.apache.coyote.AbstractProtocol.pause Pausing ProtocolHandler ["ajp-nio-8009"]
23-Nov-2018 21:58:15.507 정보 [main] org.apache.catalina.core.StandardService.stopInternal Stopping service [Catalina]
23-Nov-2018 21:58:15.596 정보 [main] org.apache.coyote.AbstractProtocol.stop Stopping ProtocolHandler ["http-nio-8080"]
23-Nov-2018 21:58:15.605 정보 [main] org.apache.coyote.AbstractProtocol.stop Stopping ProtocolHandler ["ajp-nio-8009"]
23-Nov-2018 21:58:15.616 정보 [main] org.apache.coyote.AbstractProtocol.destroy Destroying ProtocolHandler ["http-nio-8080"]
23-Nov-2018 21:58:15.620 정보 [main] org.apache.coyote.AbstractProtocol.destroy Destroying ProtocolHandler ["ajp-nio-8009"]
