29-Nov-2018 18:17:05.279 정보 [main] org.apache.catalina.core.ApplicationContext.log ContextListener: contextInitialized()
29-Nov-2018 18:17:05.279 정보 [main] org.apache.catalina.core.ApplicationContext.log SessionListener: contextInitialized()
29-Nov-2018 18:17:05.282 정보 [main] org.apache.catalina.core.ApplicationContext.log ContextListener: attributeAdded('StockTicker', 'async.Stockticker@7e6f74c')
29-Nov-2018 18:17:15.262 정보 [Thread-5] org.apache.catalina.core.ApplicationContext.log SessionListener: contextDestroyed()
29-Nov-2018 18:17:15.262 정보 [Thread-5] org.apache.catalina.core.ApplicationContext.log ContextListener: contextDestroyed()
29-Nov-2018 18:53:04.926 정보 [main] org.apache.catalina.core.ApplicationContext.log ContextListener: contextInitialized()
29-Nov-2018 18:53:04.927 정보 [main] org.apache.catalina.core.ApplicationContext.log SessionListener: contextInitialized()
29-Nov-2018 18:53:04.938 정보 [main] org.apache.catalina.core.ApplicationContext.log ContextListener: attributeAdded('StockTicker', 'async.Stockticker@7e6f74c')
29-Nov-2018 18:53:20.260 정보 [Thread-5] org.apache.catalina.core.ApplicationContext.log SessionListener: contextDestroyed()
29-Nov-2018 18:53:20.260 정보 [Thread-5] org.apache.catalina.core.ApplicationContext.log ContextListener: contextDestroyed()
29-Nov-2018 18:54:23.247 정보 [main] org.apache.catalina.core.ApplicationContext.log ContextListener: contextInitialized()
29-Nov-2018 18:54:23.250 정보 [main] org.apache.catalina.core.ApplicationContext.log SessionListener: contextInitialized()
29-Nov-2018 18:54:23.259 정보 [main] org.apache.catalina.core.ApplicationContext.log ContextListener: attributeAdded('StockTicker', 'async.Stockticker@7e6f74c')
29-Nov-2018 18:54:55.509 정보 [main] org.apache.catalina.core.ApplicationContext.log SessionListener: contextDestroyed()
29-Nov-2018 18:54:55.509 정보 [main] org.apache.catalina.core.ApplicationContext.log ContextListener: contextDestroyed()
29-Nov-2018 19:09:12.946 정보 [main] org.apache.catalina.core.ApplicationContext.log ContextListener: contextInitialized()
29-Nov-2018 19:09:12.947 정보 [main] org.apache.catalina.core.ApplicationContext.log SessionListener: contextInitialized()
29-Nov-2018 19:09:12.949 정보 [main] org.apache.catalina.core.ApplicationContext.log ContextListener: attributeAdded('StockTicker', 'async.Stockticker@3b69e7d1')
29-Nov-2018 19:09:13.105 정보 [main] org.apache.catalina.core.ApplicationContext.log SessionListener: contextDestroyed()
29-Nov-2018 19:09:13.106 정보 [main] org.apache.catalina.core.ApplicationContext.log ContextListener: contextDestroyed()
29-Nov-2018 19:09:26.335 정보 [main] org.apache.catalina.core.ApplicationContext.log ContextListener: contextInitialized()
29-Nov-2018 19:09:26.336 정보 [main] org.apache.catalina.core.ApplicationContext.log SessionListener: contextInitialized()
29-Nov-2018 19:09:26.339 정보 [main] org.apache.catalina.core.ApplicationContext.log ContextListener: attributeAdded('StockTicker', 'async.Stockticker@7e6f74c')
29-Nov-2018 19:09:44.225 정보 [Thread-5] org.apache.catalina.core.ApplicationContext.log SessionListener: contextDestroyed()
29-Nov-2018 19:09:44.225 정보 [Thread-5] org.apache.catalina.core.ApplicationContext.log ContextListener: contextDestroyed()
29-Nov-2018 19:10:35.391 정보 [main] org.apache.catalina.core.ApplicationContext.log ContextListener: contextInitialized()
29-Nov-2018 19:10:35.391 정보 [main] org.apache.catalina.core.ApplicationContext.log SessionListener: contextInitialized()
29-Nov-2018 19:10:35.393 정보 [main] org.apache.catalina.core.ApplicationContext.log ContextListener: attributeAdded('StockTicker', 'async.Stockticker@7e6f74c')
29-Nov-2018 19:14:02.676 정보 [main] org.apache.catalina.core.ApplicationContext.log ContextListener: contextInitialized()
29-Nov-2018 19:14:02.677 정보 [main] org.apache.catalina.core.ApplicationContext.log SessionListener: contextInitialized()
29-Nov-2018 19:14:02.680 정보 [main] org.apache.catalina.core.ApplicationContext.log ContextListener: attributeAdded('StockTicker', 'async.Stockticker@7586beff')
29-Nov-2018 19:14:03.095 정보 [main] org.apache.catalina.core.ApplicationContext.log SessionListener: contextDestroyed()
29-Nov-2018 19:14:03.095 정보 [main] org.apache.catalina.core.ApplicationContext.log ContextListener: contextDestroyed()
29-Nov-2018 19:14:22.869 정보 [Thread-5] org.apache.catalina.core.ApplicationContext.log SessionListener: contextDestroyed()
29-Nov-2018 19:14:22.869 정보 [Thread-5] org.apache.catalina.core.ApplicationContext.log ContextListener: contextDestroyed()
