02-Dec-2018 15:39:01.899 정보 [main] org.apache.catalina.core.ApplicationContext.log ContextListener: contextInitialized()
02-Dec-2018 15:39:01.899 정보 [main] org.apache.catalina.core.ApplicationContext.log SessionListener: contextInitialized()
02-Dec-2018 15:39:01.901 정보 [main] org.apache.catalina.core.ApplicationContext.log ContextListener: attributeAdded('StockTicker', 'async.Stockticker@5340477f')
02-Dec-2018 15:39:02.192 정보 [main] org.apache.catalina.core.ApplicationContext.log SessionListener: contextDestroyed()
02-Dec-2018 15:39:02.192 정보 [main] org.apache.catalina.core.ApplicationContext.log ContextListener: contextDestroyed()
02-Dec-2018 15:39:13.351 정보 [main] org.apache.catalina.core.ApplicationContext.log ContextListener: contextInitialized()
02-Dec-2018 15:39:13.351 정보 [main] org.apache.catalina.core.ApplicationContext.log SessionListener: contextInitialized()
02-Dec-2018 15:39:13.355 정보 [main] org.apache.catalina.core.ApplicationContext.log ContextListener: attributeAdded('StockTicker', 'async.Stockticker@16150369')
02-Dec-2018 15:39:45.772 정보 [Thread-5] org.apache.catalina.core.ApplicationContext.log SessionListener: contextDestroyed()
02-Dec-2018 15:39:45.772 정보 [Thread-5] org.apache.catalina.core.ApplicationContext.log ContextListener: contextDestroyed()
02-Dec-2018 17:01:55.966 정보 [main] org.apache.catalina.core.ApplicationContext.log ContextListener: contextInitialized()
02-Dec-2018 17:01:55.967 정보 [main] org.apache.catalina.core.ApplicationContext.log SessionListener: contextInitialized()
02-Dec-2018 17:01:55.970 정보 [main] org.apache.catalina.core.ApplicationContext.log ContextListener: attributeAdded('StockTicker', 'async.Stockticker@b968a76')
02-Dec-2018 17:02:18.915 정보 [main] org.apache.catalina.core.ApplicationContext.log SessionListener: contextDestroyed()
02-Dec-2018 17:02:18.915 정보 [main] org.apache.catalina.core.ApplicationContext.log ContextListener: contextDestroyed()
02-Dec-2018 17:04:56.566 정보 [main] org.apache.catalina.core.ApplicationContext.log ContextListener: contextInitialized()
02-Dec-2018 17:04:56.567 정보 [main] org.apache.catalina.core.ApplicationContext.log SessionListener: contextInitialized()
02-Dec-2018 17:04:56.570 정보 [main] org.apache.catalina.core.ApplicationContext.log ContextListener: attributeAdded('StockTicker', 'async.Stockticker@21aa6d6c')
02-Dec-2018 17:05:23.836 정보 [main] org.apache.catalina.core.ApplicationContext.log SessionListener: contextDestroyed()
02-Dec-2018 17:05:23.836 정보 [main] org.apache.catalina.core.ApplicationContext.log ContextListener: contextDestroyed()
02-Dec-2018 17:06:31.288 정보 [main] org.apache.catalina.core.ApplicationContext.log ContextListener: contextInitialized()
02-Dec-2018 17:06:31.289 정보 [main] org.apache.catalina.core.ApplicationContext.log SessionListener: contextInitialized()
02-Dec-2018 17:06:31.292 정보 [main] org.apache.catalina.core.ApplicationContext.log ContextListener: attributeAdded('StockTicker', 'async.Stockticker@76f7d241')
02-Dec-2018 17:06:50.554 정보 [main] org.apache.catalina.core.ApplicationContext.log SessionListener: contextDestroyed()
02-Dec-2018 17:06:50.555 정보 [main] org.apache.catalina.core.ApplicationContext.log ContextListener: contextDestroyed()
02-Dec-2018 17:08:43.680 정보 [main] org.apache.catalina.core.ApplicationContext.log ContextListener: contextInitialized()
02-Dec-2018 17:08:43.680 정보 [main] org.apache.catalina.core.ApplicationContext.log SessionListener: contextInitialized()
02-Dec-2018 17:08:43.683 정보 [main] org.apache.catalina.core.ApplicationContext.log ContextListener: attributeAdded('StockTicker', 'async.Stockticker@76f7d241')
02-Dec-2018 17:09:00.719 정보 [main] org.apache.catalina.core.ApplicationContext.log SessionListener: contextDestroyed()
02-Dec-2018 17:09:00.719 정보 [main] org.apache.catalina.core.ApplicationContext.log ContextListener: contextDestroyed()
