03-Dec-2018 08:15:55.052 정보 [main] org.apache.catalina.core.ApplicationContext.log ContextListener: contextInitialized()
03-Dec-2018 08:15:55.052 정보 [main] org.apache.catalina.core.ApplicationContext.log SessionListener: contextInitialized()
03-Dec-2018 08:15:55.055 정보 [main] org.apache.catalina.core.ApplicationContext.log ContextListener: attributeAdded('StockTicker', 'async.Stockticker@23348b5d')
03-Dec-2018 08:16:43.299 정보 [main] org.apache.catalina.core.ApplicationContext.log SessionListener: contextDestroyed()
03-Dec-2018 08:16:43.299 정보 [main] org.apache.catalina.core.ApplicationContext.log ContextListener: contextDestroyed()
03-Dec-2018 08:20:32.439 정보 [main] org.apache.catalina.core.ApplicationContext.log ContextListener: contextInitialized()
03-Dec-2018 08:20:32.439 정보 [main] org.apache.catalina.core.ApplicationContext.log SessionListener: contextInitialized()
03-Dec-2018 08:20:32.442 정보 [main] org.apache.catalina.core.ApplicationContext.log ContextListener: attributeAdded('StockTicker', 'async.Stockticker@37ceb1df')
03-Dec-2018 08:21:03.240 정보 [main] org.apache.catalina.core.ApplicationContext.log SessionListener: contextDestroyed()
03-Dec-2018 08:21:03.240 정보 [main] org.apache.catalina.core.ApplicationContext.log ContextListener: contextDestroyed()
03-Dec-2018 08:22:22.420 정보 [main] org.apache.catalina.core.ApplicationContext.log ContextListener: contextInitialized()
03-Dec-2018 08:22:22.421 정보 [main] org.apache.catalina.core.ApplicationContext.log SessionListener: contextInitialized()
03-Dec-2018 08:22:22.423 정보 [main] org.apache.catalina.core.ApplicationContext.log ContextListener: attributeAdded('StockTicker', 'async.Stockticker@1ff4931d')
03-Dec-2018 08:23:29.857 정보 [main] org.apache.catalina.core.ApplicationContext.log SessionListener: contextDestroyed()
03-Dec-2018 08:23:29.857 정보 [main] org.apache.catalina.core.ApplicationContext.log ContextListener: contextDestroyed()
03-Dec-2018 08:28:43.408 정보 [main] org.apache.catalina.core.ApplicationContext.log ContextListener: contextInitialized()
03-Dec-2018 08:28:43.408 정보 [main] org.apache.catalina.core.ApplicationContext.log SessionListener: contextInitialized()
03-Dec-2018 08:28:43.411 정보 [main] org.apache.catalina.core.ApplicationContext.log ContextListener: attributeAdded('StockTicker', 'async.Stockticker@20d525')
03-Dec-2018 08:29:36.360 정보 [main] org.apache.catalina.core.ApplicationContext.log SessionListener: contextDestroyed()
03-Dec-2018 08:29:36.360 정보 [main] org.apache.catalina.core.ApplicationContext.log ContextListener: contextDestroyed()
03-Dec-2018 08:30:35.574 정보 [main] org.apache.catalina.core.ApplicationContext.log ContextListener: contextInitialized()
03-Dec-2018 08:30:35.574 정보 [main] org.apache.catalina.core.ApplicationContext.log SessionListener: contextInitialized()
03-Dec-2018 08:30:35.577 정보 [main] org.apache.catalina.core.ApplicationContext.log ContextListener: attributeAdded('StockTicker', 'async.Stockticker@1ff4931d')
03-Dec-2018 08:31:39.831 정보 [main] org.apache.catalina.core.ApplicationContext.log SessionListener: contextDestroyed()
03-Dec-2018 08:31:39.831 정보 [main] org.apache.catalina.core.ApplicationContext.log ContextListener: contextDestroyed()
03-Dec-2018 08:32:07.847 정보 [main] org.apache.catalina.core.ApplicationContext.log ContextListener: contextInitialized()
03-Dec-2018 08:32:07.849 정보 [main] org.apache.catalina.core.ApplicationContext.log SessionListener: contextInitialized()
03-Dec-2018 08:32:07.854 정보 [main] org.apache.catalina.core.ApplicationContext.log ContextListener: attributeAdded('StockTicker', 'async.Stockticker@1ff4931d')
03-Dec-2018 08:32:50.209 정보 [main] org.apache.catalina.core.ApplicationContext.log SessionListener: contextDestroyed()
03-Dec-2018 08:32:50.210 정보 [main] org.apache.catalina.core.ApplicationContext.log ContextListener: contextDestroyed()
03-Dec-2018 09:35:57.764 정보 [main] org.apache.catalina.core.ApplicationContext.log ContextListener: contextInitialized()
03-Dec-2018 09:35:57.765 정보 [main] org.apache.catalina.core.ApplicationContext.log SessionListener: contextInitialized()
03-Dec-2018 09:35:57.768 정보 [main] org.apache.catalina.core.ApplicationContext.log ContextListener: attributeAdded('StockTicker', 'async.Stockticker@1ff4931d')
03-Dec-2018 09:38:33.455 정보 [Thread-5] org.apache.catalina.core.ApplicationContext.log SessionListener: contextDestroyed()
03-Dec-2018 09:38:33.455 정보 [Thread-5] org.apache.catalina.core.ApplicationContext.log ContextListener: contextDestroyed()
03-Dec-2018 09:38:33.530 정보 [main] org.apache.catalina.core.ApplicationContext.log ContextListener: contextInitialized()
03-Dec-2018 09:38:33.530 정보 [main] org.apache.catalina.core.ApplicationContext.log SessionListener: contextInitialized()
03-Dec-2018 09:38:33.535 정보 [main] org.apache.catalina.core.ApplicationContext.log ContextListener: attributeAdded('StockTicker', 'async.Stockticker@bcec361')
03-Dec-2018 09:38:33.991 정보 [Thread-3] org.apache.catalina.core.ApplicationContext.log SessionListener: contextDestroyed()
03-Dec-2018 09:38:33.992 정보 [Thread-3] org.apache.catalina.core.ApplicationContext.log ContextListener: contextDestroyed()
03-Dec-2018 09:38:40.064 정보 [main] org.apache.catalina.core.ApplicationContext.log ContextListener: contextInitialized()
03-Dec-2018 09:38:40.064 정보 [main] org.apache.catalina.core.ApplicationContext.log SessionListener: contextInitialized()
03-Dec-2018 09:38:40.067 정보 [main] org.apache.catalina.core.ApplicationContext.log ContextListener: attributeAdded('StockTicker', 'async.Stockticker@1ff4931d')
03-Dec-2018 09:40:33.664 정보 [main] org.apache.catalina.core.ApplicationContext.log SessionListener: contextDestroyed()
03-Dec-2018 09:40:33.664 정보 [main] org.apache.catalina.core.ApplicationContext.log ContextListener: contextDestroyed()
